Log file open, 05/06/20 11:05:38
LogWindows: Failed to load 'aqProf.dll' (GetLastError=126)
LogWindows: File 'aqProf.dll' does not exist
LogWindows: Failed to load 'VtuneApi.dll' (GetLastError=126)
LogWindows: File 'VtuneApi.dll' does not exist
LogWindows: Failed to load 'VtuneApi32e.dll' (GetLastError=126)
LogWindows: File 'VtuneApi32e.dll' does not exist
LogInit: Display: Running engine for game: InfinityBlade
LogPlatformFile: Not using cached read wrapper
LogInit: Display: RandInit(1738664840) SRandInit(1738664840).
LogInit: Read version file with build ID '3944462'
LogInit: Overriding engine version to CL 4033788, compatible CL 3944462
LogInit: Registered custom module enumerator with build ID '3944462'
LogTaskGraph: Started task graph with 5 named threads and 23 total threads with 3 sets of task threads.
LogStats: Stats thread started at 0.312265
LogD3D11RHI: Aftermath initialized
LogICUInternationalization: Display: ICU TimeZone Detection - Raw Offset: +9:00, Platform Override: ''
LogPluginManager: Mounting plugin Paper2D
LogPluginManager: Mounting plugin LiveLink
LogPluginManager: Mounting plugin LightPropagationVolume
LogPluginManager: Mounting plugin CLionSourceCodeAccess
LogPluginManager: Mounting plugin CodeLiteSourceCodeAccess
LogPluginManager: Mounting plugin GitSourceControl
LogPluginManager: Mounting plugin KDevelopSourceCodeAccess
LogPluginManager: Mounting plugin NullSourceCodeAccess
LogPluginManager: Mounting plugin PerforceSourceControl
LogPluginManager: Mounting plugin SubversionSourceControl
LogPluginManager: Mounting plugin UObjectPlugin
LogPluginManager: Mounting plugin VisualStudioCodeSourceCodeAccess
LogPluginManager: Mounting plugin VisualStudioSourceCodeAccess
LogPluginManager: Mounting plugin XCodeSourceCodeAccess
LogPluginManager: Mounting plugin AssetManagerEditor
LogPluginManager: Mounting plugin CryptoKeys
LogPluginManager: Mounting plugin DataValidation
LogPluginManager: Mounting plugin FacialAnimation
LogPluginManager: Mounting plugin GameplayTagsEditor
LogPluginManager: Mounting plugin MobileLauncherProfileWizard
LogPluginManager: Mounting plugin PluginBrowser
LogPluginManager: Mounting plugin SpeedTreeImporter
LogPluginManager: Mounting plugin DatasmithContent
LogPluginManager: Mounting plugin AlembicImporter
LogPluginManager: Mounting plugin CharacterAI
LogPluginManager: Mounting plugin HTML5Networking
LogPluginManager: Mounting plugin AndroidMedia
LogPluginManager: Mounting plugin AvfMedia
LogPluginManager: Mounting plugin ImgMedia
LogPluginManager: Mounting plugin LinearTimecode
LogPluginManager: Mounting plugin MediaCompositing
LogPluginManager: Mounting plugin MediaPlayerEditor
LogPluginManager: Mounting plugin WmfMedia
LogPluginManager: Mounting plugin TcpMessaging
LogPluginManager: Mounting plugin UdpMessaging
LogPluginManager: Mounting plugin ActorSequence
LogPluginManager: Mounting plugin LevelSequenceEditor
LogPluginManager: Mounting plugin MatineeToLevelSequence
LogPluginManager: Mounting plugin NetcodeUnitTest
LogPluginManager: Mounting plugin NUTUnrealEngine4
LogPluginManager: Mounting plugin OnlineSubsystemGooglePlay
LogPluginManager: Mounting plugin OnlineSubsystemIOS
LogPluginManager: Mounting plugin OnlineSubsystem
LogPluginManager: Mounting plugin OnlineSubsystemNull
LogPluginManager: Mounting plugin OnlineSubsystemUtils
LogPluginManager: Mounting plugin AndroidDeviceProfileSelector
LogPluginManager: Mounting plugin AndroidMoviePlayer
LogPluginManager: Mounting plugin AndroidPermission
LogPluginManager: Mounting plugin AppleARKit
LogPluginManager: Mounting plugin AppleMoviePlayer
LogPluginManager: Mounting plugin ArchVisCharacter
LogPluginManager: Mounting plugin AudioCapture
LogPluginManager: Mounting plugin CableComponent
LogPluginManager: Mounting plugin CustomMeshComponent
LogPluginManager: Mounting plugin ExampleDeviceProfileSelector
LogPluginManager: Mounting plugin GoogleCloudMessaging
LogPluginManager: Mounting plugin ImmediatePhysics
LogPluginManager: Mounting plugin IOSDeviceProfileSelector
LogPluginManager: Mounting plugin LinuxDeviceProfileSelector
LogPluginManager: Mounting plugin LocationServicesBPLibrary
LogPluginManager: Mounting plugin MobilePatchingUtils
LogPluginManager: Mounting plugin OculusVR
LogPluginManager: Plugin shader directory ../../../Engine/Plugins/Runtime/Oculus/OculusVR/Shaders found
LogPluginManager: Mapping shader source directory ../../../Engine/Plugins/Runtime/Oculus/OculusVR/Shaders to virtual directory /Plugin/OculusVR
LogPluginManager: Mounting plugin PhysXVehicles
LogPluginManager: Mounting plugin ProceduralMeshComponent
LogPluginManager: Mounting plugin RuntimePhysXCooking
LogPluginManager: Mounting plugin SteamVR
LogPluginManager: Mounting plugin WindowsMoviePlayer
LogStreaming: Display: Took  0.167s to configure plugins.
LogModuleManager: Display: Found up-to-date module file ../../../../../../dev/NewInfinityBlade/Binaries/Win64/UE4Editor-InfinityBladeSetting-821.dll (API version 3944462).
LogModuleManager: Display: Found up-to-date module file ../../../../../../dev/NewInfinityBlade/Binaries/Win64/UE4Editor-InfinityBlade-1650.dll (API version 3944462).
LogModuleManager: Display: Found up-to-date module file ../../../Engine/Plugins/2D/Paper2D/Binaries/Win64/UE4Editor-Paper2D.dll (API version 3944462).
LogModuleManager: Display: Found up-to-date module file ../../../Engine/Plugins/2D/Paper2D/Binaries/Win64/UE4Editor-Paper2DEditor.dll (API version 3944462).
LogModuleManager: Display: Found up-to-date module file ../../../Engine/Plugins/2D/Paper2D/Binaries/Win64/UE4Editor-PaperSpriteSheetImporter.dll (API version 3944462).
LogModuleManager: Display: Found up-to-date module file ../../../Engine/Plugins/2D/Paper2D/Binaries/Win64/UE4Editor-PaperTiledImporter.dll (API version 3944462).
LogModuleManager: Display: Found up-to-date module file ../../../Engine/Plugins/2D/Paper2D/Binaries/Win64/UE4Editor-SmartSnapping.dll (API version 3944462).
LogModuleManager: Display: Found up-to-date module file ../../../Engine/Plugins/Animation/LiveLink/Binaries/Win64/UE4Editor-LiveLink.dll (API version 3944462).
LogModuleManager: Display: Found up-to-date module file ../../../Engine/Plugins/Animation/LiveLink/Binaries/Win64/UE4Editor-LiveLinkEditor.dll (API version 3944462).
LogModuleManager: Display: Found up-to-date module file ../../../Engine/Plugins/Blendables/LightPropagationVolume/Binaries/Win64/UE4Editor-LightPropagationVolumeRuntime.dll (API version 3944462).
LogModuleManager: Display: Found up-to-date module file ../../../Engine/Plugins/Blendables/LightPropagationVolume/Binaries/Win64/UE4Editor-LightPropagationVolumeEditor.dll (API version 3944462).
LogModuleManager: Display: Found up-to-date module file ../../../Engine/Plugins/Developer/CLionSourceCodeAccess/Binaries/Win64/UE4Editor-CLionSourceCodeAccess.dll (API version 3944462).
LogModuleManager: Display: Found up-to-date module file ../../../Engine/Plugins/Developer/GitSourceControl/Binaries/Win64/UE4Editor-GitSourceControl.dll (API version 3944462).
LogModuleManager: Display: Found up-to-date module file ../../../Engine/Plugins/Developer/PerforceSourceControl/Binaries/Win64/UE4Editor-PerforceSourceControl.dll (API version 3944462).
LogModuleManager: Display: Found up-to-date module file ../../../Engine/Plugins/Developer/SubversionSourceControl/Binaries/Win64/UE4Editor-SubversionSourceControl.dll (API version 3944462).
LogModuleManager: Display: Found up-to-date module file ../../../Engine/Plugins/Developer/UObjectPlugin/Binaries/Win64/UE4Editor-UObjectPlugin.dll (API version 3944462).
LogModuleManager: Display: Found up-to-date module file ../../../Engine/Plugins/Developer/VisualStudioCodeSourceCodeAccess/Binaries/Win64/UE4Editor-VisualStudioCodeSourceCodeAccess.dll (API version 3944462).
LogModuleManager: Display: Found up-to-date module file ../../../Engine/Plugins/Developer/VisualStudioSourceCodeAccess/Binaries/Win64/UE4Editor-VisualStudioSourceCodeAccess.dll (API version 3944462).
LogModuleManager: Display: Found up-to-date module file ../../../Engine/Plugins/Editor/AssetManagerEditor/Binaries/Win64/UE4Editor-AssetManagerEditor.dll (API version 3944462).
LogModuleManager: Display: Found up-to-date module file ../../../Engine/Plugins/Editor/CryptoKeys/Binaries/Win64/UE4Editor-CryptoKeys.dll (API version 3944462).
LogModuleManager: Display: Found up-to-date module file ../../../Engine/Plugins/Editor/CryptoKeys/Binaries/Win64/UE4Editor-CryptoKeysOpenSSL.dll (API version 3944462).
LogModuleManager: Display: Found up-to-date module file ../../../Engine/Plugins/Editor/DataValidation/Binaries/Win64/UE4Editor-DataValidation.dll (API version 3944462).
LogModuleManager: Display: Found up-to-date module file ../../../Engine/Plugins/Editor/FacialAnimation/Binaries/Win64/UE4Editor-FacialAnimation.dll (API version 3944462).
LogModuleManager: Display: Found up-to-date module file ../../../Engine/Plugins/Editor/FacialAnimation/Binaries/Win64/UE4Editor-FacialAnimationEditor.dll (API version 3944462).
LogModuleManager: Display: Found up-to-date module file ../../../Engine/Plugins/Editor/GameplayTagsEditor/Binaries/Win64/UE4Editor-GameplayTagsEditor.dll (API version 3944462).
LogModuleManager: Display: Found up-to-date module file ../../../Engine/Plugins/Editor/MobileLauncherProfileWizard/Binaries/Win64/UE4Editor-MobileLauncherProfileWizard.dll (API version 3944462).
LogModuleManager: Display: Found up-to-date module file ../../../Engine/Plugins/Editor/PluginBrowser/Binaries/Win64/UE4Editor-PluginBrowser.dll (API version 3944462).
LogModuleManager: Display: Found up-to-date module file ../../../Engine/Plugins/Editor/SpeedTreeImporter/Binaries/Win64/UE4Editor-SpeedTreeImporter.dll (API version 3944462).
LogModuleManager: Display: Found up-to-date module file ../../../Engine/Plugins/Enterprise/DatasmithContent/Binaries/Win64/UE4Editor-DatasmithContent.dll (API version 3944462).
LogModuleManager: Display: Found up-to-date module file ../../../Engine/Plugins/Experimental/AlembicImporter/Binaries/Win64/UE4Editor-AlembicImporter.dll (API version 3944462).
LogModuleManager: Display: Found up-to-date module file ../../../Engine/Plugins/Experimental/AlembicImporter/Binaries/Win64/UE4Editor-AlembicLibrary.dll (API version 3944462).
LogModuleManager: Display: Found up-to-date module file ../../../Engine/Plugins/Experimental/CharacterAI/Binaries/Win64/UE4Editor-CharacterAI.dll (API version 3944462).
LogModuleManager: Display: Found up-to-date module file ../../../Engine/Plugins/Experimental/HTML5Networking/Binaries/Win64/UE4Editor-HTML5Networking.dll (API version 3944462).
LogModuleManager: Display: Found up-to-date module file ../../../Engine/Plugins/Media/AndroidMedia/Binaries/Win64/UE4Editor-AndroidMediaEditor.dll (API version 3944462).
LogModuleManager: Display: Found up-to-date module file ../../../Engine/Plugins/Media/AndroidMedia/Binaries/Win64/UE4Editor-AndroidMediaFactory.dll (API version 3944462).
LogModuleManager: Display: Found up-to-date module file ../../../Engine/Plugins/Media/AvfMedia/Binaries/Win64/UE4Editor-AvfMediaEditor.dll (API version 3944462).
LogModuleManager: Display: Found up-to-date module file ../../../Engine/Plugins/Media/AvfMedia/Binaries/Win64/UE4Editor-AvfMediaFactory.dll (API version 3944462).
LogModuleManager: Display: Found up-to-date module file ../../../Engine/Plugins/Media/AvfMedia/Binaries/Win64/UE4Editor-AvfMediaFactory.dll (API version 3944462).
LogModuleManager: Display: Found up-to-date module file ../../../Engine/Plugins/Media/ImgMedia/Binaries/Win64/UE4Editor-ImgMedia.dll (API version 3944462).
LogModuleManager: Display: Found up-to-date module file ../../../Engine/Plugins/Media/ImgMedia/Binaries/Win64/UE4Editor-ImgMediaEditor.dll (API version 3944462).
LogModuleManager: Display: Found up-to-date module file ../../../Engine/Plugins/Media/ImgMedia/Binaries/Win64/UE4Editor-ImgMediaFactory.dll (API version 3944462).
LogModuleManager: Display: Found up-to-date module file ../../../Engine/Plugins/Media/ImgMedia/Binaries/Win64/UE4Editor-ImgMediaFactory.dll (API version 3944462).
LogModuleManager: Display: Found up-to-date module file ../../../Engine/Plugins/Media/ImgMedia/Binaries/Win64/UE4Editor-OpenExrWrapper.dll (API version 3944462).
LogModuleManager: Display: Found up-to-date module file ../../../Engine/Plugins/Media/LinearTimecode/Binaries/Win64/UE4Editor-LinearTimecode.dll (API version 3944462).
LogModuleManager: Display: Found up-to-date module file ../../../Engine/Plugins/Media/MediaCompositing/Binaries/Win64/UE4Editor-MediaCompositing.dll (API version 3944462).
LogModuleManager: Display: Found up-to-date module file ../../../Engine/Plugins/Media/MediaCompositing/Binaries/Win64/UE4Editor-MediaCompositingEditor.dll (API version 3944462).
LogModuleManager: Display: Found up-to-date module file ../../../Engine/Plugins/Media/MediaPlayerEditor/Binaries/Win64/UE4Editor-MediaPlayerEditor.dll (API version 3944462).
LogModuleManager: Display: Found up-to-date module file ../../../Engine/Plugins/Media/WmfMedia/Binaries/Win64/UE4Editor-WmfMedia.dll (API version 3944462).
LogModuleManager: Display: Found up-to-date module file ../../../Engine/Plugins/Media/WmfMedia/Binaries/Win64/UE4Editor-WmfMediaEditor.dll (API version 3944462).
LogModuleManager: Display: Found up-to-date module file ../../../Engine/Plugins/Media/WmfMedia/Binaries/Win64/UE4Editor-WmfMediaFactory.dll (API version 3944462).
LogModuleManager: Display: Found up-to-date module file ../../../Engine/Plugins/Media/WmfMedia/Binaries/Win64/UE4Editor-WmfMediaFactory.dll (API version 3944462).
LogModuleManager: Display: Found up-to-date module file ../../../Engine/Plugins/Messaging/TcpMessaging/Binaries/Win64/UE4Editor-TcpMessaging.dll (API version 3944462).
LogModuleManager: Display: Found up-to-date module file ../../../Engine/Plugins/Messaging/UdpMessaging/Binaries/Win64/UE4Editor-UdpMessaging.dll (API version 3944462).
LogModuleManager: Display: Found up-to-date module file ../../../Engine/Plugins/MovieScene/ActorSequence/Binaries/Win64/UE4Editor-ActorSequence.dll (API version 3944462).
LogModuleManager: Display: Found up-to-date module file ../../../Engine/Plugins/MovieScene/LevelSequenceEditor/Binaries/Win64/UE4Editor-LevelSequenceEditor.dll (API version 3944462).
LogModuleManager: Display: Found up-to-date module file ../../../Engine/Plugins/MovieScene/MatineeToLevelSequence/Binaries/Win64/UE4Editor-MatineeToLevelSequence.dll (API version 3944462).
LogModuleManager: Display: Found up-to-date module file ../../../Engine/Plugins/NetcodeUnitTest/NetcodeUnitTest/Binaries/Win64/UE4Editor-NetcodeUnitTest.dll (API version 3944462).
LogModuleManager: Display: Found up-to-date module file ../../../Engine/Plugins/NetcodeUnitTest/NUTUnrealEngine4/Binaries/Win64/UE4Editor-NUTUnrealEngine4.dll (API version 3944462).
LogModuleManager: Display: Found up-to-date module file ../../../Engine/Plugins/Online/OnlineSubsystem/Binaries/Win64/UE4Editor-OnlineSubsystem.dll (API version 3944462).
LogModuleManager: Display: Found up-to-date module file ../../../Engine/Plugins/Online/OnlineSubsystemNull/Binaries/Win64/UE4Editor-OnlineSubsystemNull.dll (API version 3944462).
LogModuleManager: Display: Found up-to-date module file ../../../Engine/Plugins/Online/OnlineSubsystemUtils/Binaries/Win64/UE4Editor-OnlineSubsystemUtils.dll (API version 3944462).
LogModuleManager: Display: Found up-to-date module file ../../../Engine/Plugins/Online/OnlineSubsystemUtils/Binaries/Win64/UE4Editor-OnlineBlueprintSupport.dll (API version 3944462).
LogModuleManager: Display: Found up-to-date module file ../../../Engine/Plugins/Runtime/AndroidDeviceProfileSelector/Binaries/Win64/UE4Editor-AndroidDeviceProfileSelector.dll (API version 3944462).
LogModuleManager: Display: Found up-to-date module file ../../../Engine/Plugins/Runtime/AndroidPermission/Binaries/Win64/UE4Editor-AndroidPermission.dll (API version 3944462).
LogModuleManager: Display: Found up-to-date module file ../../../Engine/Plugins/Runtime/AppleARKit/Binaries/Win64/UE4Editor-AppleARKit.dll (API version 3944462).
LogModuleManager: Display: Found up-to-date module file ../../../Engine/Plugins/Runtime/ArchVisCharacter/Binaries/Win64/UE4Editor-ArchVisCharacter.dll (API version 3944462).
LogModuleManager: Display: Found up-to-date module file ../../../Engine/Plugins/Runtime/AudioCapture/Binaries/Win64/UE4Editor-AudioCapture.dll (API version 3944462).
LogModuleManager: Display: Found up-to-date module file ../../../Engine/Plugins/Runtime/AudioCapture/Binaries/Win64/UE4Editor-AudioCaptureEditor.dll (API version 3944462).
LogModuleManager: Display: Found up-to-date module file ../../../Engine/Plugins/Runtime/CableComponent/Binaries/Win64/UE4Editor-CableComponent.dll (API version 3944462).
LogModuleManager: Display: Found up-to-date module file ../../../Engine/Plugins/Runtime/CustomMeshComponent/Binaries/Win64/UE4Editor-CustomMeshComponent.dll (API version 3944462).
LogModuleManager: Display: Found up-to-date module file ../../../Engine/Plugins/Runtime/ExampleDeviceProfileSelector/Binaries/Win64/UE4Editor-ExampleDeviceProfileSelector.dll (API version 3944462).
LogModuleManager: Display: Found up-to-date module file ../../../Engine/Plugins/Runtime/ImmediatePhysics/Binaries/Win64/UE4Editor-ImmediatePhysics.dll (API version 3944462).
LogModuleManager: Display: Found up-to-date module file ../../../Engine/Plugins/Runtime/ImmediatePhysics/Binaries/Win64/UE4Editor-ImmediatePhysicsEditor.dll (API version 3944462).
LogModuleManager: Display: Found up-to-date module file ../../../Engine/Plugins/Runtime/LocationServicesBPLibrary/Binaries/Win64/UE4Editor-LocationServicesBPLibrary.dll (API version 3944462).
LogModuleManager: Display: Found up-to-date module file ../../../Engine/Plugins/Runtime/MobilePatchingUtils/Binaries/Win64/UE4Editor-MobilePatchingUtils.dll (API version 3944462).
LogModuleManager: Display: Found up-to-date module file ../../../Engine/Plugins/Runtime/Oculus/OculusVR/Binaries/Win64/UE4Editor-OculusHMD.dll (API version 3944462).
LogModuleManager: Display: Found up-to-date module file ../../../Engine/Plugins/Runtime/Oculus/OculusVR/Binaries/Win64/UE4Editor-OculusInput.dll (API version 3944462).
LogModuleManager: Display: Found up-to-date module file ../../../Engine/Plugins/Runtime/Oculus/OculusVR/Binaries/Win64/UE4Editor-OculusEditor.dll (API version 3944462).
LogModuleManager: Display: Found up-to-date module file ../../../Engine/Plugins/Runtime/PhysXVehicles/Binaries/Win64/UE4Editor-PhysXVehicles.dll (API version 3944462).
LogModuleManager: Display: Found up-to-date module file ../../../Engine/Plugins/Runtime/PhysXVehicles/Binaries/Win64/UE4Editor-PhysXVehiclesEditor.dll (API version 3944462).
LogModuleManager: Display: Found up-to-date module file ../../../Engine/Plugins/Runtime/ProceduralMeshComponent/Binaries/Win64/UE4Editor-ProceduralMeshComponent.dll (API version 3944462).
LogModuleManager: Display: Found up-to-date module file ../../../Engine/Plugins/Runtime/ProceduralMeshComponent/Binaries/Win64/UE4Editor-ProceduralMeshComponentEditor.dll (API version 3944462).
LogModuleManager: Display: Found up-to-date module file ../../../Engine/Plugins/Runtime/RuntimePhysXCooking/Binaries/Win64/UE4Editor-RuntimePhysXCooking.dll (API version 3944462).
LogModuleManager: Display: Found up-to-date module file ../../../Engine/Plugins/Runtime/Steam/SteamVR/Binaries/Win64/UE4Editor-SteamVR.dll (API version 3944462).
LogModuleManager: Display: Found up-to-date module file ../../../Engine/Plugins/Runtime/Steam/SteamVR/Binaries/Win64/UE4Editor-SteamVRController.dll (API version 3944462).
LogModuleManager: Display: Found up-to-date module file ../../../Engine/Plugins/Runtime/WindowsMoviePlayer/Binaries/Win64/UE4Editor-WindowsMoviePlayer.dll (API version 3944462).
LogInit: Using libcurl 7.47.1
LogInit:  - built for x86_64-pc-win32
LogInit:  - supports SSL with OpenSSL/1.0.2g
LogInit:  - supports HTTP deflate (compression) using libz 1.2.8
LogInit:  - other features:
LogInit:      CURL_VERSION_SSL
LogInit:      CURL_VERSION_LIBZ
LogInit:      CURL_VERSION_IPV6
LogInit:      CURL_VERSION_ASYNCHDNS
LogInit:      CURL_VERSION_LARGEFILE
LogInit:      CURL_VERSION_IDN
LogInit:  CurlRequestOptions (configurable via config and command line):
LogInit:  - bVerifyPeer = false  - Libcurl will NOT verify peer certificate
LogInit:  - bUseHttpProxy = false  - Libcurl will NOT use HTTP proxy
LogInit:  - bDontReuseConnections = false  - Libcurl will reuse connections
LogInit:  - CertBundlePath = nullptr  - Libcurl will use whatever was configured at build time.
LogInit:  - MaxHostConnections = 16  - Libcurl will limit the number of connections to a host
LogInit:  - LocalHostAddr = Default
LogInit: WinSock: version 1.1 (2.2), MaxSocks=32767, MaxUdp=65467
LogInit: WinSock: I am DESKTOP-2UPP01C (192.168.0.76:0)
LogInit: Build: ++UE4+Release-4.19-CL-4033788
LogInit: Engine Version: 4.19.2-4033788+++UE4+Release-4.19
LogInit: Compatible Engine Version: 4.19.0-3944462+++UE4+Release-4.19
LogInit: Net CL: 3944462
LogDevObjectVersion: Number of dev versions registered: 18
LogDevObjectVersion:   Dev-Blueprints (B0D832E4-1F89-4F0D-ACCF-7EB736FD4AA2): 10
LogDevObjectVersion:   Dev-Build (E1C64328-A22C-4D53-A36C-8E866417BD8C): 0
LogDevObjectVersion:   Dev-Core (375EC13C-06E4-48FB-B500-84F0262A717E): 2
LogDevObjectVersion:   Dev-Editor (E4B068ED-F494-42E9-A231-DA0B2E46BB41): 23
LogDevObjectVersion:   Dev-Framework (CFFC743F-43B0-4480-9391-14DF171D2073): 33
LogDevObjectVersion:   Dev-Mobile (B02B49B5-BB20-44E9-A304-32B752E40360): 2
LogDevObjectVersion:   Dev-Networking (A4E4105C-59A1-49B5-A7C5-40C4547EDFEE): 0
LogDevObjectVersion:   Dev-Online (39C831C9-5AE6-47DC-9A44-9C173E1C8E7C): 0
LogDevObjectVersion:   Dev-Physics (78F01B33-EBEA-4F98-B9B4-84EACCB95AA2): 0
LogDevObjectVersion:   Dev-Platform (6631380F-2D4D-43E0-8009-CF276956A95A): 0
LogDevObjectVersion:   Dev-Rendering (12F88B9F-8875-4AFC-A67C-D90C383ABD29): 25
LogDevObjectVersion:   Dev-Sequencer (7B5AE74C-D270-4C10-A958-57980B212A5A): 6
LogDevObjectVersion:   Dev-VR (D7296918-1DD6-4BDD-9DE2-64A83CC13884): 1
LogDevObjectVersion:   Dev-LoadTimes (C2A15278-BFE7-4AFE-6C17-90FF531DF755): 1
LogDevObjectVersion:   Private-Geometry (6EACA3D4-40EC-4CC1-B786-8BED09428FC5): 2
LogDevObjectVersion:   Dev-AnimPhys (29E575DD-E0A3-4627-9D10-D276232CDCEA): 16
LogDevObjectVersion:   Dev-ReflectionCapture (6B266CEC-1EC7-4B8F-A30B-E4D90942FC07): 1
LogDevObjectVersion:   Dev-Automation (0DF73D61-A23F-47EA-B727-89E90C41499A): 1
LogInit: Compiled (64-bit): Apr 27 2018 02:06:57
LogInit: Compiled with Visual C++: 19.00.24215.01
LogInit: Build Configuration: Development
LogInit: Branch Name: ++UE4+Release-4.19
LogInit: Command Line: 
LogInit: Base Directory: C:/Program Files/Epic Games/UE_4.19/Engine/Binaries/Win64/
LogInit: Installed Engine Build: 1
LogStreaming: Display: Took  0.008s to delete old logs.
LogInit: Presizing for max 8388607 objects, including 0 objects not considered by GC, pre-allocating 0 bytes for permanent pool.
LogInit: Object subsystem initialized
[2020.05.06-02.05.41:556][  0]LogInit: Selected Device Profile: [Windows]
[2020.05.06-02.05.41:556][  0]LogInit: Applying CVar settings loaded from the selected device profile: [Windows]
[2020.05.06-02.05.41:567][  0]LogInit: Computer: DESKTOP-2UPP01C
[2020.05.06-02.05.41:567][  0]LogInit: User: pth08
[2020.05.06-02.05.41:567][  0]LogInit: CPU Page size=4096, Cores=4
[2020.05.06-02.05.41:567][  0]LogInit: High frequency timer resolution =10.000000 MHz
[2020.05.06-02.05.41:567][  0]LogMemory: Memory total: Physical=15.9GB (16GB approx)
[2020.05.06-02.05.41:567][  0]LogMemory: Platform Memory Stats for Windows
[2020.05.06-02.05.41:567][  0]LogMemory: Process Physical Memory: 279.64 MB used, 279.65 MB peak
[2020.05.06-02.05.41:567][  0]LogMemory: Process Virtual Memory: 276.80 MB used, 276.80 MB peak
[2020.05.06-02.05.41:567][  0]LogMemory: Physical Memory: 8258.34 MB used,  8040.95 MB free, 16299.29 MB total
[2020.05.06-02.05.41:567][  0]LogMemory: Virtual Memory: 4791.43 MB used,  8040.95 MB free, 134217728.00 MB total
[2020.05.06-02.05.41:592][  0]LogInit: Using OS detected language (ko-KR).
[2020.05.06-02.05.41:592][  0]LogInit: Using OS detected locale (ko-KR).
[2020.05.06-02.05.41:596][  0]LogTextLocalizationManager: No specific localization for 'ko-KR' exists, so the 'ko' localization will be used.
[2020.05.06-02.05.41:955][  0]LogStreaming: Display: Took  0.363s to EndInitTextLocalization.
[2020.05.06-02.05.41:955][  0]LogInit: Setting process to per monitor DPI aware
[2020.05.06-02.05.42:052][  0]LogSlate: New Slate User Created.  User Index 0, Is Virtual User: 0
[2020.05.06-02.05.42:052][  0]LogSlate: Slate User Registered.  User Index 0, Is Virtual User: 0
[2020.05.06-02.05.42:422][  0]LogD3D11RHI: D3D11 adapters:
[2020.05.06-02.05.42:439][  0]LogD3D11RHI:    0. 'Intel(R) UHD Graphics 620' (Feature Level 11_0)
[2020.05.06-02.05.42:439][  0]LogD3D11RHI:       128/0/8149 MB DedicatedVideo/DedicatedSystem/SharedSystem, Outputs:2, VendorId:0x8086
[2020.05.06-02.05.42:469][  0]LogD3D11RHI:    1. 'Radeon(TM) 540 Graphics' (Feature Level 11_0)
[2020.05.06-02.05.42:469][  0]LogD3D11RHI:       1995/0/8149 MB DedicatedVideo/DedicatedSystem/SharedSystem, Outputs:0, VendorId:0x1002
[2020.05.06-02.05.42:472][  0]LogD3D11RHI:    2. 'Microsoft Basic Render Driver' (Feature Level 11_0)
[2020.05.06-02.05.42:472][  0]LogD3D11RHI:       0/0/8149 MB DedicatedVideo/DedicatedSystem/SharedSystem, Outputs:0, VendorId:0x1414
[2020.05.06-02.05.42:472][  0]LogD3D11RHI: Chosen D3D11 Adapter: 1
[2020.05.06-02.05.42:481][  0]LogD3D11RHI: Creating new Direct3DDevice
[2020.05.06-02.05.42:481][  0]LogD3D11RHI:     GPU DeviceId: 0x699f (for the marketing name, search the web for "GPU Device Id")
[2020.05.06-02.05.42:481][  0]LogWindows: EnumDisplayDevices:
[2020.05.06-02.05.42:482][  0]LogWindows:    0. 'Intel(R) UHD Graphics 620' (P:0 D:1)
[2020.05.06-02.05.42:482][  0]LogWindows:    1. 'Intel(R) UHD Graphics 620' (P:1 D:1)
[2020.05.06-02.05.42:483][  0]LogWindows:    2. 'Intel(R) UHD Graphics 620' (P:0 D:0)
[2020.05.06-02.05.42:483][  0]LogWindows:    3. 'Radeon(TM) 540 Graphics' (P:0 D:0)
[2020.05.06-02.05.42:484][  0]LogWindows:    4. 'Radeon(TM) 540 Graphics' (P:0 D:0)
[2020.05.06-02.05.42:485][  0]LogWindows:    5. 'Radeon(TM) 540 Graphics' (P:0 D:0)
[2020.05.06-02.05.42:486][  0]LogWindows:    6. 'Radeon(TM) 540 Graphics' (P:0 D:0)
[2020.05.06-02.05.42:487][  0]LogWindows:    7. 'Radeon(TM) 540 Graphics' (P:0 D:0)
[2020.05.06-02.05.42:487][  0]LogWindows:    8. 'Radeon(TM) 540 Graphics' (P:0 D:0)
[2020.05.06-02.05.42:488][  0]LogWindows:    9. 'Radeon(TM) 540 Graphics' (P:0 D:0)
[2020.05.06-02.05.42:489][  0]LogWindows:    10. 'Radeon(TM) 540 Graphics' (P:0 D:0)
[2020.05.06-02.05.42:489][  0]LogWindows:    11. 'Radeon(TM) 540 Graphics' (P:0 D:0)
[2020.05.06-02.05.42:490][  0]LogWindows:    12. 'Radeon(TM) 540 Graphics' (P:0 D:0)
[2020.05.06-02.05.42:490][  0]LogWindows:    13. 'Radeon(TM) 540 Graphics' (P:0 D:0)
[2020.05.06-02.05.42:491][  0]LogWindows:    14. 'Radeon(TM) 540 Graphics' (P:0 D:0)
[2020.05.06-02.05.42:492][  0]LogWindows:    15. 'Radeon(TM) 540 Graphics' (P:0 D:0)
[2020.05.06-02.05.42:492][  0]LogWindows:    16. 'Radeon(TM) 540 Graphics' (P:0 D:0)
[2020.05.06-02.05.42:493][  0]LogWindows:    17. 'Radeon(TM) 540 Graphics' (P:0 D:0)
[2020.05.06-02.05.42:493][  0]LogWindows:    18. 'Radeon(TM) 540 Graphics' (P:0 D:0)
[2020.05.06-02.05.42:494][  0]LogWindows: DebugString: GetVideoDriverDetailsInvalid PrimaryIsNotTheChoosenAdapter GetVideoDriverDetailsInvalid PrimaryIsNotTheChoosenAdapter GetVideoDriverDetailsInvalid PrimaryIsNotTheChoosenAdapter GetVideoDriverDetailsInvalid PrimaryIsNotTheChoosenAdapter GetVideoDriverDetailsInvalid PrimaryIsNotTheChoosenAdapter GetVideoDriverDetailsInvalid PrimaryIsNotTheChoosenAdapter GetVideoDriverDetailsInvalid PrimaryIsNotTheChoosenAdapter GetVideoDriverDetailsInvalid PrimaryIsNotTheChoosenAdapter GetVideoDriverDetailsInvalid PrimaryIsNotTheChoosenAdapter GetVideoDriverDetailsInvalid PrimaryIsNotTheChoosenAdapter GetVideoDriverDetailsInvalid PrimaryIsNotTheChoosenAdapter GetVideoDriverDetailsInvalid PrimaryIsNotTheChoosenAdapter GetVideoDriverDetailsInvalid PrimaryIsNotTheChoosenAdapter GetVideoDriverDetailsInvalid PrimaryIsNotTheChoosenAdapter GetVideoDriverDetailsInvalid PrimaryIsNotTheChoosenAdapter GetVideoDriverDetailsInvalid PrimaryIsNotTheChoosenAdapter GetVideoDriverDetailsInvalid PrimaryIsNotTheChoosenAdapter GetVideoDriverDetailsInvalid PrimaryIsNotTheChoosenAdapter GetVideoDriverDetailsInvalid PrimaryIsNotTheChoosenAdapter FoundDriverCount:0 
[2020.05.06-02.05.42:494][  0]LogD3D11RHI:     Adapter Name: Radeon(TM) 540 Graphics
[2020.05.06-02.05.42:494][  0]LogD3D11RHI:   Driver Version: Unknown (internal:Unknown, unified:Unknown)
[2020.05.06-02.05.42:494][  0]LogD3D11RHI:      Driver Date: Unknown
[2020.05.06-02.05.42:494][  0]LogRHI: Texture pool is 1396 MB (70% of 1995 MB)
[2020.05.06-02.05.42:617][  0]LogD3D11RHI: Async texture creation enabled
[2020.05.06-02.05.42:627][  0]LogD3D11RHI: GPU Timing Frequency: 25.000000 (Debug: 2 1)
[2020.05.06-02.05.42:628][  0]LogShaderCompilers: Guid format shader working directory is 7 characters bigger than the processId version (../../../../../../dev/NewInfinityBlade/Intermediate/Shaders/WorkingDirectory/29092/).
[2020.05.06-02.05.42:630][  0]LogShaderCompilers: Cleaned the shader compiler working directory 'C:/Users/pth08/AppData/Local/Temp/UnrealShaderWorkingDir/9D5312B24551CED7E86A8BB516DB3FC3/'.
[2020.05.06-02.05.42:951][  0]LogTemp: Display: Loaded TP AllDesktopTargetPlatform
[2020.05.06-02.05.42:970][  0]LogTemp: Display: Loaded TP MacClientTargetPlatform
[2020.05.06-02.05.42:987][  0]LogTemp: Display: Loaded TP MacNoEditorTargetPlatform
[2020.05.06-02.05.43:007][  0]LogTemp: Display: Loaded TP MacServerTargetPlatform
[2020.05.06-02.05.43:026][  0]LogTemp: Display: Loaded TP MacTargetPlatform
[2020.05.06-02.05.43:046][  0]LogTemp: Display: Loaded TP WindowsClientTargetPlatform
[2020.05.06-02.05.43:064][  0]LogTemp: Display: Loaded TP WindowsNoEditorTargetPlatform
[2020.05.06-02.05.43:083][  0]LogTemp: Display: Loaded TP WindowsServerTargetPlatform
[2020.05.06-02.05.43:094][  0]LogTemp: Display: Loaded TP WindowsTargetPlatform
[2020.05.06-02.05.43:110][  0]LogTemp: Display: Loaded TP Android_ASTCTargetPlatform
[2020.05.06-02.05.43:135][  0]LogTemp: Display: Loaded TP Android_ATCTargetPlatform
[2020.05.06-02.05.43:152][  0]LogTemp: Display: Loaded TP Android_DXTTargetPlatform
[2020.05.06-02.05.43:168][  0]LogTemp: Display: Loaded TP Android_ETC1aTargetPlatform
[2020.05.06-02.05.43:184][  0]LogTemp: Display: Loaded TP Android_ETC1TargetPlatform
[2020.05.06-02.05.43:200][  0]LogTemp: Display: Loaded TP Android_ETC2TargetPlatform
[2020.05.06-02.05.43:230][  0]LogTemp: Display: Loaded TP Android_MultiTargetPlatform
[2020.05.06-02.05.43:230][  0]LogTemp: Display: Loaded TP Android_PVRTCTargetPlatform
[2020.05.06-02.05.43:245][  0]LogTemp: Display: Loaded TP AndroidTargetPlatform
[2020.05.06-02.05.43:248][  0]LogTemp: Display: Loaded TP HTML5TargetPlatform
[2020.05.06-02.05.43:289][  0]LogTemp: Display: Loaded TP IOSTargetPlatform
[2020.05.06-02.05.43:302][  0]LogTemp: Display: Loaded TP TVOSTargetPlatform
[2020.05.06-02.05.43:316][  0]LogTemp: Display: Loaded TP LinuxClientTargetPlatform
[2020.05.06-02.05.43:329][  0]LogTemp: Display: Loaded TP LinuxNoEditorTargetPlatform
[2020.05.06-02.05.43:342][  0]LogTemp: Display: Loaded TP LinuxServerTargetPlatform
[2020.05.06-02.05.43:356][  0]LogTemp: Display: Loaded TP LinuxTargetPlatform
[2020.05.06-02.05.43:357][  0]LogTargetPlatformManager: Display: Building Assets For Windows
[2020.05.06-02.05.43:535][  0]LogXGEController: Cannot use XGE Controller as Incredibuild is not installed on this machine.
[2020.05.06-02.05.43:536][  0]LogShaderCompilers: Cannot use XGE Shader Compiler as Incredibuild is not installed on this machine.
[2020.05.06-02.05.43:536][  0]LogShaderCompilers: Display: Using Local Shader Compiler.
[2020.05.06-02.05.44:431][  0]LogDerivedDataCache: Display: Max Cache Size: 512 MB
[2020.05.06-02.05.44:510][  0]LogDerivedDataCache: Loaded boot cache 0.08s 100MB C:/Users/pth08/AppData/Local/UnrealEngine/4.19/DerivedDataCache/Boot.ddc.
[2020.05.06-02.05.44:510][  0]LogDerivedDataCache: Display: Loaded Boot cache: C:/Users/pth08/AppData/Local/UnrealEngine/4.19/DerivedDataCache/Boot.ddc
[2020.05.06-02.05.44:511][  0]LogDerivedDataCache: FDerivedDataBackendGraph:  Pak pak cache file ../../../../../../dev/NewInfinityBlade/DerivedDataCache/DDC.ddp not found, will not use a pak cache.
[2020.05.06-02.05.44:511][  0]LogDerivedDataCache: Unable to find inner node Pak for hierarchical cache Hierarchy.
[2020.05.06-02.05.44:511][  0]LogDerivedDataCache: FDerivedDataBackendGraph:  CompressedPak pak cache file ../../../../../../dev/NewInfinityBlade/DerivedDataCache/Compressed.ddp not found, will not use a pak cache.
[2020.05.06-02.05.44:511][  0]LogDerivedDataCache: Unable to find inner node CompressedPak for hierarchical cache Hierarchy.
[2020.05.06-02.05.44:534][  0]LogDerivedDataCache: Display: Pak cache opened for reading ../../../Engine/DerivedDataCache/Compressed.ddp.
[2020.05.06-02.05.44:547][  0]LogDerivedDataCache: Using Local data cache path C:/Users/pth08/AppData/Local/UnrealEngine/Common/DerivedDataCache: Writable
[2020.05.06-02.05.44:547][  0]LogDerivedDataCache: Shared data cache path not found in *engine.ini, will not use an Shared cache.
[2020.05.06-02.05.44:547][  0]LogDerivedDataCache: Unable to find inner node Shared for hierarchical cache Hierarchy.
[2020.05.06-02.05.44:559][  0]LogMaterial: Verifying Global Shaders for PCD3D_SM5
[2020.05.06-02.05.44:560][  0]LogSlate: Using Freetype 2.6.0
[2020.05.06-02.05.44:561][  0]LogSlate: SlateFontCache - WITH_FREETYPE: 1, WITH_HARFBUZZ: 1
[2020.05.06-02.05.44:561][  0]LogSlate: SlateFontCache - WITH_FREETYPE: 1, WITH_HARFBUZZ: 1
[2020.05.06-02.05.44:734][  0]LogAssetRegistry: FAssetRegistry took 0.0266 seconds to start up
[2020.05.06-02.05.45:120][  0]LogInit: Selected Device Profile: [Windows]
[2020.05.06-02.05.45:307][  0]LogSimplygon: Simplygon DLL not present - disabling.
[2020.05.06-02.05.45:311][  0]LogMeshReduction: Using SimplygonSwarm for distributed automatic mesh merging
[2020.05.06-02.05.45:311][  0]LogMeshReduction: Using QuadricMeshReduction for automatic static mesh reduction
[2020.05.06-02.05.45:311][  0]LogMeshReduction: No automatic skeletal mesh reduction module available
[2020.05.06-02.05.45:311][  0]LogMeshReduction: No automatic mesh merging module available
[2020.05.06-02.05.45:311][  0]LogMeshMerging: No automatic mesh merging module available
[2020.05.06-02.05.45:367][  0]LogNetVersion: InfinityBlade , NetCL: 3944462, EngineNetVer: 2, GameNetVer: 0 (Checksum: 376743747)
[2020.05.06-02.05.45:844][  0]LogPackageLocalizationCache: Processed 9 localized package path(s) for 2 prioritized culture(s) in 0.079036 seconds
[2020.05.06-02.05.45:849][  0]LogUObjectArray: 36728 objects as part of root set at end of initial load.
[2020.05.06-02.05.45:849][  0]LogUObjectAllocator: 7314312 out of 0 bytes used by permanent object pool.
[2020.05.06-02.05.45:850][  0]LogUObjectArray: CloseDisregardForGC: 0/0 objects in disregard for GC pool
[2020.05.06-02.05.47:938][  0]LogTcpMessaging: Initializing TcpMessaging bridge
[2020.05.06-02.05.47:975][  0]LogUdpMessaging: Initializing bridge on interface 0.0.0.0:0 to multicast group 230.0.0.1:6666.
[2020.05.06-02.05.48:318][  0]LogSkeletalMesh: Skeletal Mesh found in DDC [0.179200ms] /Game/InfinityBladeAdversaries/Enemy/Enemy_Great_Spider/SK_Greater_Spider.SK_Greater_Spider
[2020.05.06-02.05.48:349][  0]LogUObjectGlobals: Created PersistentFrame Addr=0x000001f758f1d4b8, Size=8, Default__GreaterSpiderAnimBlueprint_C Function /Game/dev/Enemy/Animation/GreaterSpiderAnimBlueprint.GreaterSpiderAnimBlueprint_C:ExecuteUbergraph_GreaterSpiderAnimBlueprint
[2020.05.06-02.05.48:353][  0]LogUObjectGlobals: Destroyed PersistentFrame Addr=0x000001f758f1d4b8, Size=8
[2020.05.06-02.05.48:353][  0]LogUObjectGlobals: Created PersistentFrame Addr=0x000001f758f1d4b8, Size=8, Default__GreaterSpiderAnimBlueprint_C Function /Engine/Transient.REINST_GreaterSpiderAnimBlueprint_C_0:ExecuteUbergraph_GreaterSpiderAnimBlueprint
[2020.05.06-02.05.48:355][  0]LogUObjectGlobals: Created PersistentFrame Addr=0x000001f758f1d380, Size=8, Default__GreaterSpiderAnimBlueprint_C Function /Game/dev/Enemy/Animation/GreaterSpiderAnimBlueprint.GreaterSpiderAnimBlueprint_C:ExecuteUbergraph_GreaterSpiderAnimBlueprint
[2020.05.06-02.05.48:493][  0]LogSkeletalMesh: Skeletal Mesh found in DDC [0.240600ms] /Game/InfinityBladeWarriors/Character/CompleteCharacters/SK_CharM_Bladed.SK_CharM_Bladed
[2020.05.06-02.05.48:520][  0]LogUObjectGlobals: Created PersistentFrame Addr=0x000001f74c00d120, Size=20, Default__WarriorAnimBlueprint_C Function /Game/Book/Animations/WarriorAnimBlueprint.WarriorAnimBlueprint_C:ExecuteUbergraph_WarriorAnimBlueprint
[2020.05.06-02.05.48:531][  0]LogUObjectGlobals: Destroyed PersistentFrame Addr=0x000001f74c00d120, Size=20
[2020.05.06-02.05.48:531][  0]LogUObjectGlobals: Created PersistentFrame Addr=0x000001f74c00d120, Size=20, Default__WarriorAnimBlueprint_C Function /Engine/Transient.REINST_WarriorAnimBlueprint_C_1:ExecuteUbergraph_WarriorAnimBlueprint
[2020.05.06-02.05.48:541][  0]LogUObjectGlobals: Created PersistentFrame Addr=0x000001f72f5c5318, Size=20, Default__WarriorAnimBlueprint_C Function /Game/Book/Animations/WarriorAnimBlueprint.WarriorAnimBlueprint_C:ExecuteUbergraph_WarriorAnimBlueprint
[2020.05.06-02.05.48:783][  0]LogSkeletalMesh: Skeletal Mesh found in DDC [0.074100ms] /Game/InfinityBladeWeapons/Weapons/Blade/Swords/Blade_BlackKnight/SK_Blade_BlackKnight.SK_Blade_BlackKnight
[2020.05.06-02.05.48:810][  0]LogSkeletalMesh: Skeletal Mesh found in DDC [0.278000ms] /Game/InfinityBladeWarriors/Character/CompleteCharacters/SK_CharM_Cardboard.SK_CharM_Cardboard
[2020.05.06-02.05.48:938][  0]LogSkeletalMesh: Skeletal Mesh found in DDC [0.160300ms] /Game/InfinityBladeAdversaries/Enemy/Enemy_Wolf/SK_Enemy_Wolf_Armored.SK_Enemy_Wolf_Armored
[2020.05.06-02.05.49:179][  0]SourceControl: 소스 콘트롤이 꺼졌습니다.
[2020.05.06-02.05.49:179][  0]SourceControl: 소스 콘트롤이 꺼졌습니다.
[2020.05.06-02.05.49:207][  0]SourceControl: 소스 콘트롤이 꺼졌습니다.
[2020.05.06-02.05.49:236][  0]SourceControl: 소스 콘트롤이 꺼졌습니다.
[2020.05.06-02.05.49:926][  0]LogAndroidPermission: UAndroidPermissionCallbackProxy::GetInstance
[2020.05.06-02.05.50:787][  0]LogOcInput: OculusInput pre-init called
[2020.05.06-02.05.50:921][  0]LogEngine: Initializing Engine...
[2020.05.06-02.05.50:923][  0]LogHMD: Failed to initialize OpenVR with code 110
[2020.05.06-02.05.50:925][  0]LogStats: UGameplayTagsManager::ConstructGameplayTagTree: Construct from data asset -  0.000 s
[2020.05.06-02.05.50:925][  0]LogStats: UGameplayTagsManager::ConstructGameplayTagTree: GameplayTagTreeChangedEvent.Broadcast -  0.000 s
[2020.05.06-02.05.51:172][  0]LogAIModule: Creating AISystem for world Untitled
[2020.05.06-02.05.51:646][  0]LogInit: XAudio2 using '헤드폰(Realtek(R) Audio)' : 2 channels at 48 kHz using 16 bits per sample (channel mask 0x3)
[2020.05.06-02.05.51:853][  0]LogInit: FAudioDevice initialized.
[2020.05.06-02.05.51:917][  0]LogDerivedDataCache: Saved boot cache 0.06s 100MB C:/Users/pth08/AppData/Local/UnrealEngine/4.19/DerivedDataCache/Boot.ddc.
[2020.05.06-02.05.51:925][  0]LogInit: Texture streaming: Enabled
[2020.05.06-02.05.51:952][  0]LogEngineSessionManager: EngineSessionManager initialized
[2020.05.06-02.05.51:971][  0]LogInit: Transaction tracking system initialized
[2020.05.06-02.05.52:007][  0]BlueprintLog: New page: 에디터 로드
[2020.05.06-02.05.52:133][  0]LocalizationService: 현지화 서비스가 비활성화되었습니다.
[2020.05.06-02.05.52:557][  0]LogConsoleResponse: Display: 
[2020.05.06-02.05.52:746][  0]LogCook: Display: Max memory allowance for cook 16384mb min free memory 0mb
[2020.05.06-02.05.52:746][  0]LogCook: Display: Mobile HDR setting 1
[2020.05.06-02.05.52:746][  0]LogGameplayTags: Display: UGameplayTagsManager::DoneAddingNativeTags. DelegateIsBound: 0
[2020.05.06-02.05.52:746][  0]LogStats: UGameplayTagsManager::ConstructGameplayTagTree: Construct from data asset -  0.000 s
[2020.05.06-02.05.52:746][  0]LogStats: UGameplayTagsManager::ConstructGameplayTagTree: GameplayTagTreeChangedEvent.Broadcast -  0.000 s
[2020.05.06-02.05.53:330][  0]LogFileCache: Scanning file cache for directory 'C:/dev/NewInfinityBlade/Content/' took 0.12s
[2020.05.06-02.05.53:330][  0]SourceControl: 소스 콘트롤이 꺼졌습니다.
[2020.05.06-02.05.53:527][  0]LogSlate: Took 0.002219 seconds to synchronously load lazily loaded font '../../../Engine/Content/Editor/Slate/Fonts/NanumGothic.ttf' (4243K)
[2020.05.06-02.05.53:527][  0]LogSlate: Took 0.000250 seconds to synchronously load lazily loaded font '../../../Engine/Content/Slate/Fonts/Roboto-Regular.ttf' (155K)
[2020.05.06-02.05.58:386][  0]LogSlate: Window '패키지 복원' being destroyed
[2020.05.06-02.05.58:390][  0]LogWindowsTextInputMethodSystem: Display: IME system now activated using TSF (Microsoft 입력기).
[2020.05.06-02.05.58:399][  0]LogWindowsTextInputMethodSystem: Display: IME system now activated using TSF (Microsoft 입력기).
[2020.05.06-02.06.00:352][  0]LogSlate: Window '소스 콘트롤에서 체크아웃할 수 없습니다!' being destroyed
[2020.05.06-02.06.00:356][  0]LogWindowsTextInputMethodSystem: Display: IME system now activated using TSF (Microsoft 입력기).
[2020.05.06-02.06.00:373][  0]LogWindowsTextInputMethodSystem: Display: IME system now activated using TSF (Microsoft 입력기).
[2020.05.06-02.06.00:416][  0]Cmd: MAP LOAD FILE="../../../../../../dev/NewInfinityBlade/Content/dev/Maps/StartRoom.umap" TEMPLATE=0 SHOWPROGRESS=1 FEATURELEVEL=3
[2020.05.06-02.06.00:417][  0]LightingResults: New page: 라이팅 빌드
[2020.05.06-02.06.00:426][  0]MapCheck: New page: 맵 체크
[2020.05.06-02.06.00:426][  0]LightingResults: New page: 라이팅 빌드
[2020.05.06-02.06.00:445][  0]LogUObjectGlobals: Destroyed PersistentFrame Addr=0x000001f758f1d4b8, Size=8
[2020.05.06-02.06.00:445][  0]LogUObjectGlobals: Destroyed PersistentFrame Addr=0x000001f74c00d120, Size=20
[2020.05.06-02.06.00:729][  0]LogUObjectGlobals: Created PersistentFrame Addr=0x000001f75ce2ee80, Size=624, Default__StartRoom_C Function /Game/dev/Maps/StartRoom.StartRoom_C:ExecuteUbergraph_StartRoom
[2020.05.06-02.06.00:743][  0]LogUObjectGlobals: Destroyed PersistentFrame Addr=0x000001f75ce2ee80, Size=624
[2020.05.06-02.06.00:743][  0]LogUObjectGlobals: Created PersistentFrame Addr=0x000001f75ce2ee80, Size=624, Default__StartRoom_C Function /Engine/Transient.REINST_StartRoom_C_11:ExecuteUbergraph_StartRoom
[2020.05.06-02.06.00:754][  0]LogUObjectGlobals: Created PersistentFrame Addr=0x000001f738545080, Size=624, Default__StartRoom_C Function /Game/dev/Maps/StartRoom.StartRoom_C:ExecuteUbergraph_StartRoom
[2020.05.06-02.06.01:200][  0]LogAIModule: Creating AISystem for world StartRoom
[2020.05.06-02.06.01:344][  0]LogStreaming: Display: ULevelStreaming::RequestLevel(/Game/InfinityBladeGrassLands/Maps/ElvenRuins) is flushing async loading
[2020.05.06-02.06.02:781][  0]LogSkeletalMesh: Skeletal Mesh found in DDC [0.953400ms] /Game/InfinityBladeGrassLands/Environments/Earth/EX_EnvAssets/Meshes/SK_Env_Ice_Deco2_BlowingFlag.SK_Env_Ice_Deco2_BlowingFlag
[2020.05.06-02.06.02:782][  0]LogSkeletalMesh: Skeletal Mesh found in DDC [1.106500ms] /Game/InfinityBladeGrassLands/Environments/Earth/EX_EnvAssets/Meshes/SK_Env_Ice_Deco2_BlowingFlag3.SK_Env_Ice_Deco2_BlowingFlag3
[2020.05.06-02.06.02:898][  0]LogStreaming: Display: ULevelStreaming::RequestLevel(/Game/InfinityBladeIceLands/Maps/FrozenCove) is flushing async loading
[2020.05.06-02.06.04:132][  0]LogPackageName: Warning: String asset reference "Env_Ice_Rocky.Mesh.Env_Ice_MelancholicTroll01" is in short form, which is unsupported and -- even if valid -- resolving it will be really slow.
[2020.05.06-02.06.04:133][  0]LogPackageName: Warning: Please consider resaving package in order to speed-up loading.
[2020.05.06-02.06.04:416][  0]LogPackageName: SearchForPackageOnDisk took   0.283s, but failed to resolve Env_Ice_Rocky.
[2020.05.06-02.06.04:416][  0]LogPackageName: Warning: String asset reference "Env_Ice_Rocky.Mesh.Env_Ice_MelancholicTroll01" could not be resolved.
[2020.05.06-02.06.04:419][  0]LogPackageName: Warning: String asset reference "Env_Ice_Rocky.Mesh.Env_Ice_NordHeed01" is in short form, which is unsupported and -- even if valid -- resolving it will be really slow.
[2020.05.06-02.06.04:419][  0]LogPackageName: Warning: Please consider resaving package in order to speed-up loading.
[2020.05.06-02.06.04:671][  0]LogPackageName: SearchForPackageOnDisk took   0.252s, but failed to resolve Env_Ice_Rocky.
[2020.05.06-02.06.04:671][  0]LogPackageName: Warning: String asset reference "Env_Ice_Rocky.Mesh.Env_Ice_NordHeed01" could not be resolved.
[2020.05.06-02.06.04:675][  0]LogPackageName: Warning: String asset reference "Env_Ice_Rocky.Mesh.Env_Ice_NordHeed01" is in short form, which is unsupported and -- even if valid -- resolving it will be really slow.
[2020.05.06-02.06.04:676][  0]LogPackageName: Warning: Please consider resaving package in order to speed-up loading.
[2020.05.06-02.06.04:924][  0]LogPackageName: SearchForPackageOnDisk took   0.248s, but failed to resolve Env_Ice_Rocky.
[2020.05.06-02.06.04:924][  0]LogPackageName: Warning: String asset reference "Env_Ice_Rocky.Mesh.Env_Ice_NordHeed01" could not be resolved.
[2020.05.06-02.06.04:926][  0]LogPackageName: Warning: String asset reference "Env_Ice_Rocky.Texture.Env_Ice_RockyStairs01" is in short form, which is unsupported and -- even if valid -- resolving it will be really slow.
[2020.05.06-02.06.04:926][  0]LogPackageName: Warning: Please consider resaving package in order to speed-up loading.
[2020.05.06-02.06.05:175][  0]LogPackageName: SearchForPackageOnDisk took   0.248s, but failed to resolve Env_Ice_Rocky.
[2020.05.06-02.06.05:175][  0]LogPackageName: Warning: String asset reference "Env_Ice_Rocky.Texture.Env_Ice_RockyStairs01" could not be resolved.
[2020.05.06-02.06.05:179][  0]LogPackageName: Warning: String asset reference "Env_Ice_Rocky.Mesh.Env_Ice_RuinedSteps001" is in short form, which is unsupported and -- even if valid -- resolving it will be really slow.
[2020.05.06-02.06.05:179][  0]LogPackageName: Warning: Please consider resaving package in order to speed-up loading.
[2020.05.06-02.06.05:452][  0]LogPackageName: SearchForPackageOnDisk took   0.272s, but failed to resolve Env_Ice_Rocky.
[2020.05.06-02.06.05:452][  0]LogPackageName: Warning: String asset reference "Env_Ice_Rocky.Mesh.Env_Ice_RuinedSteps001" could not be resolved.
[2020.05.06-02.06.05:455][  0]LogPackageName: Warning: String asset reference "Env_Ice_RuinedWalls001" is in short form, which is unsupported and -- even if valid -- resolving it will be really slow.
[2020.05.06-02.06.05:455][  0]LogPackageName: Warning: Please consider resaving package in order to speed-up loading.
[2020.05.06-02.06.05:719][  0]LogPackageName: SearchForPackageOnDisk took   0.264s, but failed to resolve Env_Ice_RuinedWalls001.
[2020.05.06-02.06.05:719][  0]LogPackageName: Warning: String asset reference "Env_Ice_RuinedWalls001" could not be resolved.
[2020.05.06-02.06.05:784][  0]LogPackageName: Warning: String asset reference "Env_ALL_Artifacts.Mesh.Env_ALL_Terminus001" is in short form, which is unsupported and -- even if valid -- resolving it will be really slow.
[2020.05.06-02.06.05:784][  0]LogPackageName: Warning: Please consider resaving package in order to speed-up loading.
[2020.05.06-02.06.06:053][  0]LogPackageName: SearchForPackageOnDisk took   0.269s, but failed to resolve Env_ALL_Artifacts.
[2020.05.06-02.06.06:053][  0]LogPackageName: Warning: String asset reference "Env_ALL_Artifacts.Mesh.Env_ALL_Terminus001" could not be resolved.
[2020.05.06-02.06.06:055][  0]LogPackageName: Warning: String asset reference "S_ClothTarps_03.SM.Mesh.S_ClothTarps_03" is in short form, which is unsupported and -- even if valid -- resolving it will be really slow.
[2020.05.06-02.06.06:055][  0]LogPackageName: Warning: Please consider resaving package in order to speed-up loading.
[2020.05.06-02.06.06:310][  0]LogPackageName: SearchForPackageOnDisk took   0.254s, but failed to resolve S_ClothTarps_03.
[2020.05.06-02.06.06:310][  0]LogPackageName: Warning: String asset reference "S_ClothTarps_03.SM.Mesh.S_ClothTarps_03" could not be resolved.
[2020.05.06-02.06.07:038][  0]LogSkeletalMesh: Skeletal Mesh found in DDC [1.272100ms] /Game/InfinityBladeIceLands/Environments/Ice/EX_EnvAssets/Meshes/SK_Env_Ice_Deco2_BlowingFlag3.SK_Env_Ice_Deco2_BlowingFlag3
[2020.05.06-02.06.07:212][  0]LogEditorServer: Finished looking for orphan Actors (0.000 secs)
[2020.05.06-02.06.07:231][  0]LogUObjectGlobals: Destroyed PersistentFrame Addr=0x000001f75ce2ee80, Size=624
[2020.05.06-02.06.07:233][  0]Cmd: MAP CHECKDEP NOCLEARLOG
[2020.05.06-02.06.07:668][  0]MapCheck: 맵 체크 완료: 오류 0 회, 경고 0 회, 소요 시간 435.617ms.
[2020.05.06-02.06.07:669][  0]LogFileHelpers: Loading map 'StartRoom' took 7.254
[2020.05.06-02.06.07:871][  0]LogStats: Warning: MetaData mismatch. Did you assign a stat to two groups? New //STATGROUP_Threads//SplashScreenThread///Thread_5ea4_0///####STATCAT_Advanced#### old //STATGROUP_Threads//SplashScreenThread///Thread_5df8_0///####STATCAT_Advanced####
[2020.05.06-02.06.07:871][  0]LogCollectionManager: Loaded 0 collections in 0.003195 seconds
[2020.05.06-02.06.07:925][  0]LogFileCache: Scanning file cache for directory 'C:/dev/NewInfinityBlade/Saved/Collections/' took 0.01s
[2020.05.06-02.06.07:925][  0]LogFileCache: Scanning file cache for directory 'C:/dev/NewInfinityBlade/Content/Developers/pth08/Collections/' took 0.01s
[2020.05.06-02.06.07:925][  0]LogFileCache: Scanning file cache for directory 'C:/dev/NewInfinityBlade/Content/Collections/' took 0.01s
[2020.05.06-02.06.07:925][  0]LogCollectionManager: Rebuilt the GUID cache for 0 collections in 0.000000 seconds
[2020.05.06-02.06.07:947][  0]LogContentBrowser: Native class hierarchy populated in 0.0215 seconds. Added 2496 classes and 567 folders.
[2020.05.06-02.06.07:969][  0]LogContentBrowser: Native class hierarchy updated for 'WidgetCarousel' in 0.0117 seconds. Added 0 classes and 0 folders.
[2020.05.06-02.06.08:098][  0]LogContentBrowser: Native class hierarchy updated for 'AddContentDialog' in 0.0098 seconds. Added 0 classes and 0 folders.
[2020.05.06-02.06.08:114][  0]LogContentBrowser: Native class hierarchy updated for 'SceneOutliner' in 0.0098 seconds. Added 1 classes and 2 folders.
[2020.05.06-02.06.08:281][  0]LogSlate: Took 0.003550 seconds to synchronously load lazily loaded font '../../../Engine/Content/Editor/Slate/Fonts/NanumGothicBold.ttf' (4188K)
[2020.05.06-02.06.08:282][  0]LogSlate: Took 0.000453 seconds to synchronously load lazily loaded font '../../../Engine/Content/Slate/Fonts/Roboto-Bold.ttf' (160K)
[2020.05.06-02.06.08:289][  0]LogSlate: Took 0.001663 seconds to synchronously load lazily loaded font '../../../Engine/Content/Editor/Slate/Fonts/FontAwesome.ttf' (139K)
[2020.05.06-02.06.08:436][  0]LogRenderer: Reallocating scene render targets to support 932x464 Format 9 NumSamples 1 (Frame:1).
[2020.05.06-02.06.08:743][  0]LogContentBrowser: Native class hierarchy updated for 'HierarchicalLODOutliner' in 0.0118 seconds. Added 0 classes and 0 folders.
[2020.05.06-02.06.08:743][  0]LogLoad: (Engine Initialization) Total time: 31.43 seconds
[2020.05.06-02.06.08:743][  0]LogLoad: (Engine Initialization) Total Blueprint compile time: 0.00 seconds
[2020.05.06-02.06.09:090][  0]InfinityBlade: Error: UIBCharacterStatComponent::SetNewLevel(37)ASSERTION : 'nullptr != IBGameInstance'
[2020.05.06-02.06.09:092][  0]LogWindows: Windows GetLastError: 작업을 완료했습니다. (0)
[2020.05.06-02.06.13:994][  0]LogWindows: Error: === Critical error: ===
[2020.05.06-02.06.13:994][  0]LogWindows: Error: 
[2020.05.06-02.06.13:994][  0]LogWindows: Error: Fatal error: [File:D:\Build\++UE4+Release-4.19+Compile\Sync\Engine\Source\Runtime\CoreUObject\Private\UObject\UObjectGlobals.cpp] [Line: 3259] 
[2020.05.06-02.06.13:994][  0]LogWindows: Error: FObjectFinders can't be used outside of constructors to find /Script/InfinityBlade.MyCameraShake_C
[2020.05.06-02.06.13:994][  0]LogWindows: Error: 
[2020.05.06-02.06.13:994][  0]LogWindows: Error: 
[2020.05.06-02.06.13:994][  0]LogWindows: Error: [Callstack] 0x00000000CB9DA799 KERNELBASE.dll!UnknownFunction []
[2020.05.06-02.06.13:994][  0]LogWindows: Error: [Callstack] 0x000000009D177884 UE4Editor-ApplicationCore.dll!FWindowsErrorOutputDevice::Serialize() [d:\build\++ue4+release-4.19+compile\sync\engine\source\runtime\applicationcore\private\windows\windowserroroutputdevice.cpp:65]
[2020.05.06-02.06.13:994][  0]LogWindows: Error: [Callstack] 0x000000008B2B6D9B UE4Editor-Core.dll!FOutputDevice::LogfImpl() [d:\build\++ue4+release-4.19+compile\sync\engine\source\runtime\core\private\misc\outputdevice.cpp:70]
[2020.05.06-02.06.13:994][  0]LogWindows: Error: [Callstack] 0x000000008B1F1949 UE4Editor-Core.dll!FDebug::AssertFailed() [d:\build\++ue4+release-4.19+compile\sync\engine\source\runtime\core\private\misc\assertionmacros.cpp:419]
[2020.05.06-02.06.13:994][  0]LogWindows: Error: [Callstack] 0x000000008060F18B UE4Editor-CoreUObject.dll!ConstructorHelpers::CheckIfIsInConstructor() [d:\build\++ue4+release-4.19+compile\sync\engine\source\runtime\coreuobject\private\uobject\uobjectglobals.cpp:3260]
[2020.05.06-02.06.13:994][  0]LogWindows: Error: [Callstack] 0x000000005030B253 UE4Editor-InfinityBlade-1650.dll!AIBCharacter::PostInitializeComponents() [c:\dev\newinfinityblade\source\infinityblade\private\ibcharacter.cpp:398]
[2020.05.06-02.06.13:994][  0]LogWindows: Error: [Callstack] 0x000000005AD58473 UE4Editor-Engine.dll!AActor::PostActorConstruction() [d:\build\++ue4+release-4.19+compile\sync\engine\source\runtime\engine\private\actor.cpp:2946]
[2020.05.06-02.06.13:994][  0]LogWindows: Error: [Callstack] 0x000000005AD3484A UE4Editor-Engine.dll!AActor::FinishSpawning() [d:\build\++ue4+release-4.19+compile\sync\engine\source\runtime\engine\private\actor.cpp:2872]
[2020.05.06-02.06.13:994][  0]LogWindows: Error: [Callstack] 0x000000005AD5C349 UE4Editor-Engine.dll!AActor::PostSpawnInitialize() [d:\build\++ue4+release-4.19+compile\sync\engine\source\runtime\engine\private\actor.cpp:2814]
[2020.05.06-02.06.13:994][  0]LogWindows: Error: [Callstack] 0x000000005B6C33D4 UE4Editor-Engine.dll!UWorld::SpawnActor() [d:\build\++ue4+release-4.19+compile\sync\engine\source\runtime\engine\private\levelactor.cpp:470]
[2020.05.06-02.06.13:994][  0]LogWindows: Error: [Callstack] 0x000000005B6C37E7 UE4Editor-Engine.dll!UWorld::SpawnActor() [d:\build\++ue4+release-4.19+compile\sync\engine\source\runtime\engine\private\levelactor.cpp:295]
[2020.05.06-02.06.13:994][  0]LogWindows: Error: [Callstack] 0x000000006DBBBFB5 UE4Editor-UnrealEd.dll!UWorld::SpawnActor<AActor>() [d:\build\++ue4+release-4.19+compile\sync\engine\source\runtime\engine\classes\engine\world.h:2720]
[2020.05.06-02.06.13:994][  0]LogWindows: Error: [Callstack] 0x000000006E3C607E UE4Editor-UnrealEd.dll!FClassActorThumbnailScene::SpawnPreviewActor() [d:\build\++ue4+release-4.19+compile\sync\engine\source\editor\unrealed\private\thumbnailhelpers.cpp:1040]
[2020.05.06-02.06.13:994][  0]LogWindows: Error: [Callstack] 0x000000006E35DF2D UE4Editor-UnrealEd.dll!UClassThumbnailRenderer::Draw() [d:\build\++ue4+release-4.19+compile\sync\engine\source\editor\unrealed\private\thumbnailrendering\classthumbnailrenderer.cpp:46]
[2020.05.06-02.06.13:994][  0]LogWindows: Error: [Callstack] 0x000000006E03A184 UE4Editor-UnrealEd.dll!ThumbnailTools::RenderThumbnail() [d:\build\++ue4+release-4.19+compile\sync\engine\source\editor\unrealed\private\objecttools.cpp:3681]
[2020.05.06-02.06.13:994][  0]LogWindows: Error: [Callstack] 0x000000006D847AE2 UE4Editor-UnrealEd.dll!FAssetThumbnailPool::Tick() [d:\build\++ue4+release-4.19+compile\sync\engine\source\editor\unrealed\private\assetthumbnail.cpp:1015]
[2020.05.06-02.06.13:994][  0]LogWindows: Error: [Callstack] 0x000000006D77E728 UE4Editor-UnrealEd.dll!FTickableEditorObject::TickObjects() [d:\build\++ue4+release-4.19+compile\sync\engine\source\editor\unrealed\public\tickableeditorobject.h:45]
[2020.05.06-02.06.13:994][  0]LogWindows: Error: [Callstack] 0x000000006DB2C1DF UE4Editor-UnrealEd.dll!UEditorEngine::Tick() [d:\build\++ue4+release-4.19+compile\sync\engine\source\editor\unrealed\private\editorengine.cpp:1456]
[2020.05.06-02.06.13:994][  0]LogWindows: Error: [Callstack] 0x000000006E3C9626 UE4Editor-UnrealEd.dll!UUnrealEdEngine::Tick() [d:\build\++ue4+release-4.19+compile\sync\engine\source\editor\unrealed\private\unrealedengine.cpp:401]
[2020.05.06-02.06.13:995][  0]LogWindows: Error: [Callstack] 0x000000006E995EAC UE4Editor.exe!FEngineLoop::Tick() [d:\build\++ue4+release-4.19+compile\sync\engine\source\runtime\launch\private\launchengineloop.cpp:3339]
[2020.05.06-02.06.13:995][  0]LogWindows: Error: [Callstack] 0x000000006E9A6BD0 UE4Editor.exe!GuardedMain() [d:\build\++ue4+release-4.19+compile\sync\engine\source\runtime\launch\private\launch.cpp:166]
[2020.05.06-02.06.13:995][  0]LogWindows: Error: [Callstack] 0x000000006E9A6C4A UE4Editor.exe!GuardedMainWrapper() [d:\build\++ue4+release-4.19+compile\sync\engine\source\runtime\launch\private\windows\launchwindows.cpp:144]
[2020.05.06-02.06.13:995][  0]LogWindows: Error: [Callstack] 0x000000006E9B4177 UE4Editor.exe!WinMain() [d:\build\++ue4+release-4.19+compile\sync\engine\source\runtime\launch\private\windows\launchwindows.cpp:223]
[2020.05.06-02.06.13:995][  0]LogWindows: Error: [Callstack] 0x000000006E9B5B87 UE4Editor.exe!__scrt_common_main_seh() [f:\dd\vctools\crt\vcstartup\src\startup\exe_common.inl:253]
[2020.05.06-02.06.13:995][  0]LogWindows: Error: [Callstack] 0x00000000CDDE7BD4 KERNEL32.DLL!UnknownFunction []
[2020.05.06-02.06.13:995][  0]LogWindows: Error: [Callstack] 0x00000000CE58CE51 ntdll.dll!UnknownFunction []
[2020.05.06-02.06.13:995][  0]LogWindows: Error: [Callstack] 0x00000000CE58CE51 ntdll.dll!UnknownFunction []
[2020.05.06-02.06.13:995][  0]LogWindows: Error: 
[2020.05.06-02.06.14:012][  0]LogExit: Executing StaticShutdownAfterError
[2020.05.06-02.06.14:016][  0]LogWindows: FPlatformMisc::RequestExit(1)
[2020.05.06-02.06.14:016][  0]Log file closed, 05/06/20 11:06:14
