Log file open, 05/10/20 15:07:21
LogWindows: Failed to load 'aqProf.dll' (GetLastError=126)
LogWindows: File 'aqProf.dll' does not exist
LogWindows: Failed to load 'VtuneApi.dll' (GetLastError=126)
LogWindows: File 'VtuneApi.dll' does not exist
LogWindows: Failed to load 'VtuneApi32e.dll' (GetLastError=126)
LogWindows: File 'VtuneApi32e.dll' does not exist
LogInit: Display: Running engine for game: InfinityBlade
LogPlatformFile: Not using cached read wrapper
LogInit: Display: RandInit(2054509294) SRandInit(2054509294).
LogInit: Read version file with build ID '3944462'
LogInit: Overriding engine version to CL 4033788, compatible CL 3944462
LogInit: Registered custom module enumerator with build ID '3944462'
LogTaskGraph: Started task graph with 5 named threads and 35 total threads with 3 sets of task threads.
LogStats: Stats thread started at 0.408666
LogD3D11RHI: Aftermath initialized
LogICUInternationalization: Display: ICU TimeZone Detection - Raw Offset: +9:00, Platform Override: ''
LogPluginManager: Mounting plugin Paper2D
LogPluginManager: Mounting plugin LiveLink
LogPluginManager: Mounting plugin LightPropagationVolume
LogPluginManager: Mounting plugin CLionSourceCodeAccess
LogPluginManager: Mounting plugin CodeLiteSourceCodeAccess
LogPluginManager: Mounting plugin GitSourceControl
LogPluginManager: Mounting plugin KDevelopSourceCodeAccess
LogPluginManager: Mounting plugin NullSourceCodeAccess
LogPluginManager: Mounting plugin PerforceSourceControl
LogPluginManager: Mounting plugin SubversionSourceControl
LogPluginManager: Mounting plugin UObjectPlugin
LogPluginManager: Mounting plugin VisualStudioCodeSourceCodeAccess
LogPluginManager: Mounting plugin VisualStudioSourceCodeAccess
LogPluginManager: Mounting plugin XCodeSourceCodeAccess
LogPluginManager: Mounting plugin AssetManagerEditor
LogPluginManager: Mounting plugin CryptoKeys
LogPluginManager: Mounting plugin DataValidation
LogPluginManager: Mounting plugin FacialAnimation
LogPluginManager: Mounting plugin GameplayTagsEditor
LogPluginManager: Mounting plugin MobileLauncherProfileWizard
LogPluginManager: Mounting plugin PluginBrowser
LogPluginManager: Mounting plugin SpeedTreeImporter
LogPluginManager: Mounting plugin DatasmithContent
LogPluginManager: Mounting plugin AlembicImporter
LogPluginManager: Mounting plugin CharacterAI
LogPluginManager: Mounting plugin HTML5Networking
LogPluginManager: Mounting plugin AndroidMedia
LogPluginManager: Mounting plugin AvfMedia
LogPluginManager: Mounting plugin ImgMedia
LogPluginManager: Mounting plugin LinearTimecode
LogPluginManager: Mounting plugin MediaCompositing
LogPluginManager: Mounting plugin MediaPlayerEditor
LogPluginManager: Mounting plugin WmfMedia
LogPluginManager: Mounting plugin TcpMessaging
LogPluginManager: Mounting plugin UdpMessaging
LogPluginManager: Mounting plugin ActorSequence
LogPluginManager: Mounting plugin LevelSequenceEditor
LogPluginManager: Mounting plugin MatineeToLevelSequence
LogPluginManager: Mounting plugin NetcodeUnitTest
LogPluginManager: Mounting plugin NUTUnrealEngine4
LogPluginManager: Mounting plugin OnlineSubsystemGooglePlay
LogPluginManager: Mounting plugin OnlineSubsystemIOS
LogPluginManager: Mounting plugin OnlineSubsystem
LogPluginManager: Mounting plugin OnlineSubsystemNull
LogPluginManager: Mounting plugin OnlineSubsystemUtils
LogPluginManager: Mounting plugin AndroidDeviceProfileSelector
LogPluginManager: Mounting plugin AndroidMoviePlayer
LogPluginManager: Mounting plugin AndroidPermission
LogPluginManager: Mounting plugin AppleARKit
LogPluginManager: Mounting plugin AppleMoviePlayer
LogPluginManager: Mounting plugin ArchVisCharacter
LogPluginManager: Mounting plugin AudioCapture
LogPluginManager: Mounting plugin CableComponent
LogPluginManager: Mounting plugin CustomMeshComponent
LogPluginManager: Mounting plugin ExampleDeviceProfileSelector
LogPluginManager: Mounting plugin GoogleCloudMessaging
LogPluginManager: Mounting plugin ImmediatePhysics
LogPluginManager: Mounting plugin IOSDeviceProfileSelector
LogPluginManager: Mounting plugin LinuxDeviceProfileSelector
LogPluginManager: Mounting plugin LocationServicesBPLibrary
LogPluginManager: Mounting plugin MobilePatchingUtils
LogPluginManager: Mounting plugin OculusVR
LogPluginManager: Plugin shader directory ../../../Engine/Plugins/Runtime/Oculus/OculusVR/Shaders found
LogPluginManager: Mapping shader source directory ../../../Engine/Plugins/Runtime/Oculus/OculusVR/Shaders to virtual directory /Plugin/OculusVR
LogPluginManager: Mounting plugin PhysXVehicles
LogPluginManager: Mounting plugin ProceduralMeshComponent
LogPluginManager: Mounting plugin RuntimePhysXCooking
LogPluginManager: Mounting plugin SteamVR
LogPluginManager: Mounting plugin WindowsMoviePlayer
LogStreaming: Display: Took  0.198s to configure plugins.
LogModuleManager: Display: Found up-to-date module file ../../../../../../dev/NewInfinityBlade/Binaries/Win64/UE4Editor-InfinityBladeSetting-25.dll (API version 3944462).
LogModuleManager: Display: Found up-to-date module file ../../../../../../dev/NewInfinityBlade/Binaries/Win64/UE4Editor-InfinityBlade-25.dll (API version 3944462).
LogModuleManager: Display: Found up-to-date module file ../../../Engine/Plugins/2D/Paper2D/Binaries/Win64/UE4Editor-Paper2D.dll (API version 3944462).
LogModuleManager: Display: Found up-to-date module file ../../../Engine/Plugins/2D/Paper2D/Binaries/Win64/UE4Editor-Paper2DEditor.dll (API version 3944462).
LogModuleManager: Display: Found up-to-date module file ../../../Engine/Plugins/2D/Paper2D/Binaries/Win64/UE4Editor-PaperSpriteSheetImporter.dll (API version 3944462).
LogModuleManager: Display: Found up-to-date module file ../../../Engine/Plugins/2D/Paper2D/Binaries/Win64/UE4Editor-PaperTiledImporter.dll (API version 3944462).
LogModuleManager: Display: Found up-to-date module file ../../../Engine/Plugins/2D/Paper2D/Binaries/Win64/UE4Editor-SmartSnapping.dll (API version 3944462).
LogModuleManager: Display: Found up-to-date module file ../../../Engine/Plugins/Animation/LiveLink/Binaries/Win64/UE4Editor-LiveLink.dll (API version 3944462).
LogModuleManager: Display: Found up-to-date module file ../../../Engine/Plugins/Animation/LiveLink/Binaries/Win64/UE4Editor-LiveLinkEditor.dll (API version 3944462).
LogModuleManager: Display: Found up-to-date module file ../../../Engine/Plugins/Blendables/LightPropagationVolume/Binaries/Win64/UE4Editor-LightPropagationVolumeRuntime.dll (API version 3944462).
LogModuleManager: Display: Found up-to-date module file ../../../Engine/Plugins/Blendables/LightPropagationVolume/Binaries/Win64/UE4Editor-LightPropagationVolumeEditor.dll (API version 3944462).
LogModuleManager: Display: Found up-to-date module file ../../../Engine/Plugins/Developer/CLionSourceCodeAccess/Binaries/Win64/UE4Editor-CLionSourceCodeAccess.dll (API version 3944462).
LogModuleManager: Display: Found up-to-date module file ../../../Engine/Plugins/Developer/GitSourceControl/Binaries/Win64/UE4Editor-GitSourceControl.dll (API version 3944462).
LogModuleManager: Display: Found up-to-date module file ../../../Engine/Plugins/Developer/PerforceSourceControl/Binaries/Win64/UE4Editor-PerforceSourceControl.dll (API version 3944462).
LogModuleManager: Display: Found up-to-date module file ../../../Engine/Plugins/Developer/SubversionSourceControl/Binaries/Win64/UE4Editor-SubversionSourceControl.dll (API version 3944462).
LogModuleManager: Display: Found up-to-date module file ../../../Engine/Plugins/Developer/UObjectPlugin/Binaries/Win64/UE4Editor-UObjectPlugin.dll (API version 3944462).
LogModuleManager: Display: Found up-to-date module file ../../../Engine/Plugins/Developer/VisualStudioCodeSourceCodeAccess/Binaries/Win64/UE4Editor-VisualStudioCodeSourceCodeAccess.dll (API version 3944462).
LogModuleManager: Display: Found up-to-date module file ../../../Engine/Plugins/Developer/VisualStudioSourceCodeAccess/Binaries/Win64/UE4Editor-VisualStudioSourceCodeAccess.dll (API version 3944462).
LogModuleManager: Display: Found up-to-date module file ../../../Engine/Plugins/Editor/AssetManagerEditor/Binaries/Win64/UE4Editor-AssetManagerEditor.dll (API version 3944462).
LogModuleManager: Display: Found up-to-date module file ../../../Engine/Plugins/Editor/CryptoKeys/Binaries/Win64/UE4Editor-CryptoKeys.dll (API version 3944462).
LogModuleManager: Display: Found up-to-date module file ../../../Engine/Plugins/Editor/CryptoKeys/Binaries/Win64/UE4Editor-CryptoKeysOpenSSL.dll (API version 3944462).
LogModuleManager: Display: Found up-to-date module file ../../../Engine/Plugins/Editor/DataValidation/Binaries/Win64/UE4Editor-DataValidation.dll (API version 3944462).
LogModuleManager: Display: Found up-to-date module file ../../../Engine/Plugins/Editor/FacialAnimation/Binaries/Win64/UE4Editor-FacialAnimation.dll (API version 3944462).
LogModuleManager: Display: Found up-to-date module file ../../../Engine/Plugins/Editor/FacialAnimation/Binaries/Win64/UE4Editor-FacialAnimationEditor.dll (API version 3944462).
LogModuleManager: Display: Found up-to-date module file ../../../Engine/Plugins/Editor/GameplayTagsEditor/Binaries/Win64/UE4Editor-GameplayTagsEditor.dll (API version 3944462).
LogModuleManager: Display: Found up-to-date module file ../../../Engine/Plugins/Editor/MobileLauncherProfileWizard/Binaries/Win64/UE4Editor-MobileLauncherProfileWizard.dll (API version 3944462).
LogModuleManager: Display: Found up-to-date module file ../../../Engine/Plugins/Editor/PluginBrowser/Binaries/Win64/UE4Editor-PluginBrowser.dll (API version 3944462).
LogModuleManager: Display: Found up-to-date module file ../../../Engine/Plugins/Editor/SpeedTreeImporter/Binaries/Win64/UE4Editor-SpeedTreeImporter.dll (API version 3944462).
LogModuleManager: Display: Found up-to-date module file ../../../Engine/Plugins/Enterprise/DatasmithContent/Binaries/Win64/UE4Editor-DatasmithContent.dll (API version 3944462).
LogModuleManager: Display: Found up-to-date module file ../../../Engine/Plugins/Experimental/AlembicImporter/Binaries/Win64/UE4Editor-AlembicImporter.dll (API version 3944462).
LogModuleManager: Display: Found up-to-date module file ../../../Engine/Plugins/Experimental/AlembicImporter/Binaries/Win64/UE4Editor-AlembicLibrary.dll (API version 3944462).
LogModuleManager: Display: Found up-to-date module file ../../../Engine/Plugins/Experimental/CharacterAI/Binaries/Win64/UE4Editor-CharacterAI.dll (API version 3944462).
LogModuleManager: Display: Found up-to-date module file ../../../Engine/Plugins/Experimental/HTML5Networking/Binaries/Win64/UE4Editor-HTML5Networking.dll (API version 3944462).
LogModuleManager: Display: Found up-to-date module file ../../../Engine/Plugins/Media/AndroidMedia/Binaries/Win64/UE4Editor-AndroidMediaEditor.dll (API version 3944462).
LogModuleManager: Display: Found up-to-date module file ../../../Engine/Plugins/Media/AndroidMedia/Binaries/Win64/UE4Editor-AndroidMediaFactory.dll (API version 3944462).
LogModuleManager: Display: Found up-to-date module file ../../../Engine/Plugins/Media/AvfMedia/Binaries/Win64/UE4Editor-AvfMediaEditor.dll (API version 3944462).
LogModuleManager: Display: Found up-to-date module file ../../../Engine/Plugins/Media/AvfMedia/Binaries/Win64/UE4Editor-AvfMediaFactory.dll (API version 3944462).
LogModuleManager: Display: Found up-to-date module file ../../../Engine/Plugins/Media/AvfMedia/Binaries/Win64/UE4Editor-AvfMediaFactory.dll (API version 3944462).
LogModuleManager: Display: Found up-to-date module file ../../../Engine/Plugins/Media/ImgMedia/Binaries/Win64/UE4Editor-ImgMedia.dll (API version 3944462).
LogModuleManager: Display: Found up-to-date module file ../../../Engine/Plugins/Media/ImgMedia/Binaries/Win64/UE4Editor-ImgMediaEditor.dll (API version 3944462).
LogModuleManager: Display: Found up-to-date module file ../../../Engine/Plugins/Media/ImgMedia/Binaries/Win64/UE4Editor-ImgMediaFactory.dll (API version 3944462).
LogModuleManager: Display: Found up-to-date module file ../../../Engine/Plugins/Media/ImgMedia/Binaries/Win64/UE4Editor-ImgMediaFactory.dll (API version 3944462).
LogModuleManager: Display: Found up-to-date module file ../../../Engine/Plugins/Media/ImgMedia/Binaries/Win64/UE4Editor-OpenExrWrapper.dll (API version 3944462).
LogModuleManager: Display: Found up-to-date module file ../../../Engine/Plugins/Media/LinearTimecode/Binaries/Win64/UE4Editor-LinearTimecode.dll (API version 3944462).
LogModuleManager: Display: Found up-to-date module file ../../../Engine/Plugins/Media/MediaCompositing/Binaries/Win64/UE4Editor-MediaCompositing.dll (API version 3944462).
LogModuleManager: Display: Found up-to-date module file ../../../Engine/Plugins/Media/MediaCompositing/Binaries/Win64/UE4Editor-MediaCompositingEditor.dll (API version 3944462).
LogModuleManager: Display: Found up-to-date module file ../../../Engine/Plugins/Media/MediaPlayerEditor/Binaries/Win64/UE4Editor-MediaPlayerEditor.dll (API version 3944462).
LogModuleManager: Display: Found up-to-date module file ../../../Engine/Plugins/Media/WmfMedia/Binaries/Win64/UE4Editor-WmfMedia.dll (API version 3944462).
LogModuleManager: Display: Found up-to-date module file ../../../Engine/Plugins/Media/WmfMedia/Binaries/Win64/UE4Editor-WmfMediaEditor.dll (API version 3944462).
LogModuleManager: Display: Found up-to-date module file ../../../Engine/Plugins/Media/WmfMedia/Binaries/Win64/UE4Editor-WmfMediaFactory.dll (API version 3944462).
LogModuleManager: Display: Found up-to-date module file ../../../Engine/Plugins/Media/WmfMedia/Binaries/Win64/UE4Editor-WmfMediaFactory.dll (API version 3944462).
LogModuleManager: Display: Found up-to-date module file ../../../Engine/Plugins/Messaging/TcpMessaging/Binaries/Win64/UE4Editor-TcpMessaging.dll (API version 3944462).
LogModuleManager: Display: Found up-to-date module file ../../../Engine/Plugins/Messaging/UdpMessaging/Binaries/Win64/UE4Editor-UdpMessaging.dll (API version 3944462).
LogModuleManager: Display: Found up-to-date module file ../../../Engine/Plugins/MovieScene/ActorSequence/Binaries/Win64/UE4Editor-ActorSequence.dll (API version 3944462).
LogModuleManager: Display: Found up-to-date module file ../../../Engine/Plugins/MovieScene/LevelSequenceEditor/Binaries/Win64/UE4Editor-LevelSequenceEditor.dll (API version 3944462).
LogModuleManager: Display: Found up-to-date module file ../../../Engine/Plugins/MovieScene/MatineeToLevelSequence/Binaries/Win64/UE4Editor-MatineeToLevelSequence.dll (API version 3944462).
LogModuleManager: Display: Found up-to-date module file ../../../Engine/Plugins/NetcodeUnitTest/NetcodeUnitTest/Binaries/Win64/UE4Editor-NetcodeUnitTest.dll (API version 3944462).
LogModuleManager: Display: Found up-to-date module file ../../../Engine/Plugins/NetcodeUnitTest/NUTUnrealEngine4/Binaries/Win64/UE4Editor-NUTUnrealEngine4.dll (API version 3944462).
LogModuleManager: Display: Found up-to-date module file ../../../Engine/Plugins/Online/OnlineSubsystem/Binaries/Win64/UE4Editor-OnlineSubsystem.dll (API version 3944462).
LogModuleManager: Display: Found up-to-date module file ../../../Engine/Plugins/Online/OnlineSubsystemNull/Binaries/Win64/UE4Editor-OnlineSubsystemNull.dll (API version 3944462).
LogModuleManager: Display: Found up-to-date module file ../../../Engine/Plugins/Online/OnlineSubsystemUtils/Binaries/Win64/UE4Editor-OnlineSubsystemUtils.dll (API version 3944462).
LogModuleManager: Display: Found up-to-date module file ../../../Engine/Plugins/Online/OnlineSubsystemUtils/Binaries/Win64/UE4Editor-OnlineBlueprintSupport.dll (API version 3944462).
LogModuleManager: Display: Found up-to-date module file ../../../Engine/Plugins/Runtime/AndroidDeviceProfileSelector/Binaries/Win64/UE4Editor-AndroidDeviceProfileSelector.dll (API version 3944462).
LogModuleManager: Display: Found up-to-date module file ../../../Engine/Plugins/Runtime/AndroidPermission/Binaries/Win64/UE4Editor-AndroidPermission.dll (API version 3944462).
LogModuleManager: Display: Found up-to-date module file ../../../Engine/Plugins/Runtime/AppleARKit/Binaries/Win64/UE4Editor-AppleARKit.dll (API version 3944462).
LogModuleManager: Display: Found up-to-date module file ../../../Engine/Plugins/Runtime/ArchVisCharacter/Binaries/Win64/UE4Editor-ArchVisCharacter.dll (API version 3944462).
LogModuleManager: Display: Found up-to-date module file ../../../Engine/Plugins/Runtime/AudioCapture/Binaries/Win64/UE4Editor-AudioCapture.dll (API version 3944462).
LogModuleManager: Display: Found up-to-date module file ../../../Engine/Plugins/Runtime/AudioCapture/Binaries/Win64/UE4Editor-AudioCaptureEditor.dll (API version 3944462).
LogModuleManager: Display: Found up-to-date module file ../../../Engine/Plugins/Runtime/CableComponent/Binaries/Win64/UE4Editor-CableComponent.dll (API version 3944462).
LogModuleManager: Display: Found up-to-date module file ../../../Engine/Plugins/Runtime/CustomMeshComponent/Binaries/Win64/UE4Editor-CustomMeshComponent.dll (API version 3944462).
LogModuleManager: Display: Found up-to-date module file ../../../Engine/Plugins/Runtime/ExampleDeviceProfileSelector/Binaries/Win64/UE4Editor-ExampleDeviceProfileSelector.dll (API version 3944462).
LogModuleManager: Display: Found up-to-date module file ../../../Engine/Plugins/Runtime/ImmediatePhysics/Binaries/Win64/UE4Editor-ImmediatePhysics.dll (API version 3944462).
LogModuleManager: Display: Found up-to-date module file ../../../Engine/Plugins/Runtime/ImmediatePhysics/Binaries/Win64/UE4Editor-ImmediatePhysicsEditor.dll (API version 3944462).
LogModuleManager: Display: Found up-to-date module file ../../../Engine/Plugins/Runtime/LocationServicesBPLibrary/Binaries/Win64/UE4Editor-LocationServicesBPLibrary.dll (API version 3944462).
LogModuleManager: Display: Found up-to-date module file ../../../Engine/Plugins/Runtime/MobilePatchingUtils/Binaries/Win64/UE4Editor-MobilePatchingUtils.dll (API version 3944462).
LogModuleManager: Display: Found up-to-date module file ../../../Engine/Plugins/Runtime/Oculus/OculusVR/Binaries/Win64/UE4Editor-OculusHMD.dll (API version 3944462).
LogModuleManager: Display: Found up-to-date module file ../../../Engine/Plugins/Runtime/Oculus/OculusVR/Binaries/Win64/UE4Editor-OculusInput.dll (API version 3944462).
LogModuleManager: Display: Found up-to-date module file ../../../Engine/Plugins/Runtime/Oculus/OculusVR/Binaries/Win64/UE4Editor-OculusEditor.dll (API version 3944462).
LogModuleManager: Display: Found up-to-date module file ../../../Engine/Plugins/Runtime/PhysXVehicles/Binaries/Win64/UE4Editor-PhysXVehicles.dll (API version 3944462).
LogModuleManager: Display: Found up-to-date module file ../../../Engine/Plugins/Runtime/PhysXVehicles/Binaries/Win64/UE4Editor-PhysXVehiclesEditor.dll (API version 3944462).
LogModuleManager: Display: Found up-to-date module file ../../../Engine/Plugins/Runtime/ProceduralMeshComponent/Binaries/Win64/UE4Editor-ProceduralMeshComponent.dll (API version 3944462).
LogModuleManager: Display: Found up-to-date module file ../../../Engine/Plugins/Runtime/ProceduralMeshComponent/Binaries/Win64/UE4Editor-ProceduralMeshComponentEditor.dll (API version 3944462).
LogModuleManager: Display: Found up-to-date module file ../../../Engine/Plugins/Runtime/RuntimePhysXCooking/Binaries/Win64/UE4Editor-RuntimePhysXCooking.dll (API version 3944462).
LogModuleManager: Display: Found up-to-date module file ../../../Engine/Plugins/Runtime/Steam/SteamVR/Binaries/Win64/UE4Editor-SteamVR.dll (API version 3944462).
LogModuleManager: Display: Found up-to-date module file ../../../Engine/Plugins/Runtime/Steam/SteamVR/Binaries/Win64/UE4Editor-SteamVRController.dll (API version 3944462).
LogModuleManager: Display: Found up-to-date module file ../../../Engine/Plugins/Runtime/WindowsMoviePlayer/Binaries/Win64/UE4Editor-WindowsMoviePlayer.dll (API version 3944462).
LogInit: Using libcurl 7.47.1
LogInit:  - built for x86_64-pc-win32
LogInit:  - supports SSL with OpenSSL/1.0.2g
LogInit:  - supports HTTP deflate (compression) using libz 1.2.8
LogInit:  - other features:
LogInit:      CURL_VERSION_SSL
LogInit:      CURL_VERSION_LIBZ
LogInit:      CURL_VERSION_IPV6
LogInit:      CURL_VERSION_ASYNCHDNS
LogInit:      CURL_VERSION_LARGEFILE
LogInit:      CURL_VERSION_IDN
LogInit:  CurlRequestOptions (configurable via config and command line):
LogInit:  - bVerifyPeer = false  - Libcurl will NOT verify peer certificate
LogInit:  - bUseHttpProxy = false  - Libcurl will NOT use HTTP proxy
LogInit:  - bDontReuseConnections = false  - Libcurl will reuse connections
LogInit:  - CertBundlePath = nullptr  - Libcurl will use whatever was configured at build time.
LogInit:  - MaxHostConnections = 16  - Libcurl will limit the number of connections to a host
LogInit:  - LocalHostAddr = Default
LogInit: WinSock: version 1.1 (2.2), MaxSocks=32767, MaxUdp=65467
LogInit: WinSock: I am DESKTOP-EO5RAPV (192.168.0.42:0)
LogInit: Build: ++UE4+Release-4.19-CL-4033788
LogInit: Engine Version: 4.19.2-4033788+++UE4+Release-4.19
LogInit: Compatible Engine Version: 4.19.0-3944462+++UE4+Release-4.19
LogInit: Net CL: 3944462
LogDevObjectVersion: Number of dev versions registered: 18
LogDevObjectVersion:   Dev-Blueprints (B0D832E4-1F89-4F0D-ACCF-7EB736FD4AA2): 10
LogDevObjectVersion:   Dev-Build (E1C64328-A22C-4D53-A36C-8E866417BD8C): 0
LogDevObjectVersion:   Dev-Core (375EC13C-06E4-48FB-B500-84F0262A717E): 2
LogDevObjectVersion:   Dev-Editor (E4B068ED-F494-42E9-A231-DA0B2E46BB41): 23
LogDevObjectVersion:   Dev-Framework (CFFC743F-43B0-4480-9391-14DF171D2073): 33
LogDevObjectVersion:   Dev-Mobile (B02B49B5-BB20-44E9-A304-32B752E40360): 2
LogDevObjectVersion:   Dev-Networking (A4E4105C-59A1-49B5-A7C5-40C4547EDFEE): 0
LogDevObjectVersion:   Dev-Online (39C831C9-5AE6-47DC-9A44-9C173E1C8E7C): 0
LogDevObjectVersion:   Dev-Physics (78F01B33-EBEA-4F98-B9B4-84EACCB95AA2): 0
LogDevObjectVersion:   Dev-Platform (6631380F-2D4D-43E0-8009-CF276956A95A): 0
LogDevObjectVersion:   Dev-Rendering (12F88B9F-8875-4AFC-A67C-D90C383ABD29): 25
LogDevObjectVersion:   Dev-Sequencer (7B5AE74C-D270-4C10-A958-57980B212A5A): 6
LogDevObjectVersion:   Dev-VR (D7296918-1DD6-4BDD-9DE2-64A83CC13884): 1
LogDevObjectVersion:   Dev-LoadTimes (C2A15278-BFE7-4AFE-6C17-90FF531DF755): 1
LogDevObjectVersion:   Private-Geometry (6EACA3D4-40EC-4CC1-B786-8BED09428FC5): 2
LogDevObjectVersion:   Dev-AnimPhys (29E575DD-E0A3-4627-9D10-D276232CDCEA): 16
LogDevObjectVersion:   Dev-ReflectionCapture (6B266CEC-1EC7-4B8F-A30B-E4D90942FC07): 1
LogDevObjectVersion:   Dev-Automation (0DF73D61-A23F-47EA-B727-89E90C41499A): 1
LogInit: Compiled (64-bit): Apr 27 2018 02:06:57
LogInit: Compiled with Visual C++: 19.00.24215.01
LogInit: Build Configuration: Development
LogInit: Branch Name: ++UE4+Release-4.19
LogInit: Command Line: 
LogInit: Base Directory: C:/Program Files/Epic Games/UE_4.19/Engine/Binaries/Win64/
LogInit: Installed Engine Build: 1
LogStreaming: Display: Took  0.013s to delete old logs.
LogInit: Presizing for max 8388607 objects, including 0 objects not considered by GC, pre-allocating 0 bytes for permanent pool.
LogInit: Object subsystem initialized
[2020.05.10-06.07.24:117][  0]LogInit: Selected Device Profile: [Windows]
[2020.05.10-06.07.24:117][  0]LogInit: Applying CVar settings loaded from the selected device profile: [Windows]
[2020.05.10-06.07.24:137][  0]LogInit: Computer: DESKTOP-EO5RAPV
[2020.05.10-06.07.24:137][  0]LogInit: User: pth08
[2020.05.10-06.07.24:138][  0]LogInit: CPU Page size=4096, Cores=6
[2020.05.10-06.07.24:138][  0]LogInit: High frequency timer resolution =10.000000 MHz
[2020.05.10-06.07.24:138][  0]LogMemory: Memory total: Physical=16.0GB (16GB approx)
[2020.05.10-06.07.24:138][  0]LogMemory: Platform Memory Stats for Windows
[2020.05.10-06.07.24:138][  0]LogMemory: Process Physical Memory: 280.47 MB used, 280.48 MB peak
[2020.05.10-06.07.24:138][  0]LogMemory: Process Virtual Memory: 266.64 MB used, 266.64 MB peak
[2020.05.10-06.07.24:138][  0]LogMemory: Physical Memory: 9318.87 MB used,  7014.36 MB free, 16333.23 MB total
[2020.05.10-06.07.24:138][  0]LogMemory: Virtual Memory: 4795.18 MB used,  7014.36 MB free, 134217728.00 MB total
[2020.05.10-06.07.24:166][  0]LogInit: Using OS detected language (ko-KR).
[2020.05.10-06.07.24:166][  0]LogInit: Using OS detected locale (ko-KR).
[2020.05.10-06.07.24:172][  0]LogTextLocalizationManager: No specific localization for 'ko-KR' exists, so the 'ko' localization will be used.
[2020.05.10-06.07.24:493][  0]LogStreaming: Display: Took  0.327s to EndInitTextLocalization.
[2020.05.10-06.07.24:493][  0]LogInit: Setting process to per monitor DPI aware
[2020.05.10-06.07.24:541][  0]LogSlate: New Slate User Created.  User Index 0, Is Virtual User: 0
[2020.05.10-06.07.24:541][  0]LogSlate: Slate User Registered.  User Index 0, Is Virtual User: 0
[2020.05.10-06.07.24:896][  0]LogD3D11RHI: D3D11 adapters:
[2020.05.10-06.07.24:981][  0]LogD3D11RHI:    0. 'NVIDIA GeForce GTX 1660 SUPER' (Feature Level 11_0)
[2020.05.10-06.07.24:981][  0]LogD3D11RHI:       5991/0/8166 MB DedicatedVideo/DedicatedSystem/SharedSystem, Outputs:2, VendorId:0x10de
[2020.05.10-06.07.24:984][  0]LogD3D11RHI:    1. 'Microsoft Basic Render Driver' (Feature Level 11_0)
[2020.05.10-06.07.24:984][  0]LogD3D11RHI:       0/0/8166 MB DedicatedVideo/DedicatedSystem/SharedSystem, Outputs:0, VendorId:0x1414
[2020.05.10-06.07.24:984][  0]LogD3D11RHI: Chosen D3D11 Adapter: 0
[2020.05.10-06.07.24:991][  0]LogD3D11RHI: Creating new Direct3DDevice
[2020.05.10-06.07.24:992][  0]LogD3D11RHI:     GPU DeviceId: 0x21c4 (for the marketing name, search the web for "GPU Device Id")
[2020.05.10-06.07.24:992][  0]LogWindows: EnumDisplayDevices:
[2020.05.10-06.07.24:992][  0]LogWindows:    0. 'NVIDIA GeForce GTX 1660 SUPER' (P:0 D:1)
[2020.05.10-06.07.24:992][  0]LogWindows:    1. 'NVIDIA GeForce GTX 1660 SUPER' (P:1 D:1)
[2020.05.10-06.07.24:993][  0]LogWindows:    2. 'NVIDIA GeForce GTX 1660 SUPER' (P:0 D:0)
[2020.05.10-06.07.24:994][  0]LogWindows:    3. 'NVIDIA GeForce GTX 1660 SUPER' (P:0 D:0)
[2020.05.10-06.07.24:994][  0]LogWindows: DebugString: GetVideoDriverDetailsInvalid PrimaryIsNotTheChoosenAdapter GetVideoDriverDetailsInvalid PrimaryIsNotTheChoosenAdapter GetVideoDriverDetailsInvalid PrimaryIsNotTheChoosenAdapter GetVideoDriverDetailsInvalid PrimaryIsNotTheChoosenAdapter FoundDriverCount:0 
[2020.05.10-06.07.24:994][  0]LogD3D11RHI:     Adapter Name: NVIDIA GeForce GTX 1660 SUPER
[2020.05.10-06.07.24:994][  0]LogD3D11RHI:   Driver Version: Unknown (internal:Unknown, unified:Unknown)
[2020.05.10-06.07.24:994][  0]LogD3D11RHI:      Driver Date: Unknown
[2020.05.10-06.07.24:994][  0]LogRHI: Texture pool is 4193 MB (70% of 5991 MB)
[2020.05.10-06.07.25:040][  0]LogD3D11RHI: [Aftermath] Aftermath enabled and primed
[2020.05.10-06.07.25:040][  0]LogD3D11RHI: [Aftermath] Aftermath enabled and primed
[2020.05.10-06.07.25:040][  0]LogD3D11RHI: Async texture creation enabled
[2020.05.10-06.07.25:055][  0]LogD3D11RHI: GPU Timing Frequency: 1000.000000 (Debug: 2 1)
[2020.05.10-06.07.25:062][  0]LogShaderCompilers: Guid format shader working directory is 7 characters bigger than the processId version (../../../../../../dev/NewInfinityBlade/Intermediate/Shaders/WorkingDirectory/19824/).
[2020.05.10-06.07.25:063][  0]LogShaderCompilers: Cleaned the shader compiler working directory 'C:/Users/pth08/AppData/Local/Temp/UnrealShaderWorkingDir/C1F31ABD47088B374D77D787DC6BC3EF/'.
[2020.05.10-06.07.25:305][  0]LogTemp: Display: Loaded TP AllDesktopTargetPlatform
[2020.05.10-06.07.25:322][  0]LogTemp: Display: Loaded TP MacClientTargetPlatform
[2020.05.10-06.07.25:339][  0]LogTemp: Display: Loaded TP MacNoEditorTargetPlatform
[2020.05.10-06.07.25:355][  0]LogTemp: Display: Loaded TP MacServerTargetPlatform
[2020.05.10-06.07.25:373][  0]LogTemp: Display: Loaded TP MacTargetPlatform
[2020.05.10-06.07.25:389][  0]LogTemp: Display: Loaded TP WindowsClientTargetPlatform
[2020.05.10-06.07.25:405][  0]LogTemp: Display: Loaded TP WindowsNoEditorTargetPlatform
[2020.05.10-06.07.25:421][  0]LogTemp: Display: Loaded TP WindowsServerTargetPlatform
[2020.05.10-06.07.25:429][  0]LogTemp: Display: Loaded TP WindowsTargetPlatform
[2020.05.10-06.07.25:443][  0]LogTemp: Display: Loaded TP Android_ASTCTargetPlatform
[2020.05.10-06.07.25:456][  0]LogTemp: Display: Loaded TP Android_ATCTargetPlatform
[2020.05.10-06.07.25:469][  0]LogTemp: Display: Loaded TP Android_DXTTargetPlatform
[2020.05.10-06.07.25:483][  0]LogTemp: Display: Loaded TP Android_ETC1aTargetPlatform
[2020.05.10-06.07.25:496][  0]LogTemp: Display: Loaded TP Android_ETC1TargetPlatform
[2020.05.10-06.07.25:509][  0]LogTemp: Display: Loaded TP Android_ETC2TargetPlatform
[2020.05.10-06.07.25:536][  0]LogTemp: Display: Loaded TP Android_MultiTargetPlatform
[2020.05.10-06.07.25:536][  0]LogTemp: Display: Loaded TP Android_PVRTCTargetPlatform
[2020.05.10-06.07.25:550][  0]LogTemp: Display: Loaded TP AndroidTargetPlatform
[2020.05.10-06.07.25:552][  0]LogTemp: Display: Loaded TP HTML5TargetPlatform
[2020.05.10-06.07.25:593][  0]LogTemp: Display: Loaded TP IOSTargetPlatform
[2020.05.10-06.07.25:606][  0]LogTemp: Display: Loaded TP TVOSTargetPlatform
[2020.05.10-06.07.25:618][  0]LogTemp: Display: Loaded TP LinuxClientTargetPlatform
[2020.05.10-06.07.25:631][  0]LogTemp: Display: Loaded TP LinuxNoEditorTargetPlatform
[2020.05.10-06.07.25:644][  0]LogTemp: Display: Loaded TP LinuxServerTargetPlatform
[2020.05.10-06.07.25:658][  0]LogTemp: Display: Loaded TP LinuxTargetPlatform
[2020.05.10-06.07.25:658][  0]LogTargetPlatformManager: Display: Building Assets For Windows
[2020.05.10-06.07.25:838][  0]LogXGEController: Cannot use XGE Controller as Incredibuild is not installed on this machine.
[2020.05.10-06.07.25:838][  0]LogShaderCompilers: Cannot use XGE Shader Compiler as Incredibuild is not installed on this machine.
[2020.05.10-06.07.25:838][  0]LogShaderCompilers: Display: Using Local Shader Compiler.
[2020.05.10-06.07.26:709][  0]LogDerivedDataCache: Display: Max Cache Size: 512 MB
[2020.05.10-06.07.26:775][  0]LogDerivedDataCache: Loaded boot cache 0.07s 104MB C:/Users/pth08/AppData/Local/UnrealEngine/4.19/DerivedDataCache/Boot.ddc.
[2020.05.10-06.07.26:775][  0]LogDerivedDataCache: Display: Loaded Boot cache: C:/Users/pth08/AppData/Local/UnrealEngine/4.19/DerivedDataCache/Boot.ddc
[2020.05.10-06.07.26:776][  0]LogDerivedDataCache: FDerivedDataBackendGraph:  Pak pak cache file ../../../../../../dev/NewInfinityBlade/DerivedDataCache/DDC.ddp not found, will not use a pak cache.
[2020.05.10-06.07.26:776][  0]LogDerivedDataCache: Unable to find inner node Pak for hierarchical cache Hierarchy.
[2020.05.10-06.07.26:776][  0]LogDerivedDataCache: FDerivedDataBackendGraph:  CompressedPak pak cache file ../../../../../../dev/NewInfinityBlade/DerivedDataCache/Compressed.ddp not found, will not use a pak cache.
[2020.05.10-06.07.26:776][  0]LogDerivedDataCache: Unable to find inner node CompressedPak for hierarchical cache Hierarchy.
[2020.05.10-06.07.26:791][  0]LogDerivedDataCache: Display: Pak cache opened for reading ../../../Engine/DerivedDataCache/Compressed.ddp.
[2020.05.10-06.07.26:804][  0]LogDerivedDataCache: Using Local data cache path C:/Users/pth08/AppData/Local/UnrealEngine/Common/DerivedDataCache: Writable
[2020.05.10-06.07.26:804][  0]LogDerivedDataCache: Shared data cache path not found in *engine.ini, will not use an Shared cache.
[2020.05.10-06.07.26:804][  0]LogDerivedDataCache: Unable to find inner node Shared for hierarchical cache Hierarchy.
[2020.05.10-06.07.26:813][  0]LogMaterial: Verifying Global Shaders for PCD3D_SM5
[2020.05.10-06.07.26:813][  0]LogSlate: Using Freetype 2.6.0
[2020.05.10-06.07.26:814][  0]LogSlate: SlateFontCache - WITH_FREETYPE: 1, WITH_HARFBUZZ: 1
[2020.05.10-06.07.26:814][  0]LogSlate: SlateFontCache - WITH_FREETYPE: 1, WITH_HARFBUZZ: 1
[2020.05.10-06.07.27:007][  0]LogAssetRegistry: FAssetRegistry took 0.0264 seconds to start up
[2020.05.10-06.07.27:350][  0]LogInit: Selected Device Profile: [Windows]
[2020.05.10-06.07.27:501][  0]LogSimplygon: Simplygon DLL not present - disabling.
[2020.05.10-06.07.27:505][  0]LogMeshReduction: Using SimplygonSwarm for distributed automatic mesh merging
[2020.05.10-06.07.27:505][  0]LogMeshReduction: Using QuadricMeshReduction for automatic static mesh reduction
[2020.05.10-06.07.27:505][  0]LogMeshReduction: No automatic skeletal mesh reduction module available
[2020.05.10-06.07.27:505][  0]LogMeshReduction: No automatic mesh merging module available
[2020.05.10-06.07.27:505][  0]LogMeshMerging: No automatic mesh merging module available
[2020.05.10-06.07.27:548][  0]LogNetVersion: InfinityBlade , NetCL: 3944462, EngineNetVer: 2, GameNetVer: 0 (Checksum: 376743747)
[2020.05.10-06.07.27:958][  0]LogPackageLocalizationCache: Processed 9 localized package path(s) for 2 prioritized culture(s) in 0.097355 seconds
[2020.05.10-06.07.27:962][  0]LogUObjectArray: 36728 objects as part of root set at end of initial load.
[2020.05.10-06.07.27:962][  0]LogUObjectAllocator: 7314312 out of 0 bytes used by permanent object pool.
[2020.05.10-06.07.27:962][  0]LogUObjectArray: CloseDisregardForGC: 0/0 objects in disregard for GC pool
[2020.05.10-06.07.29:753][  0]LogTcpMessaging: Initializing TcpMessaging bridge
[2020.05.10-06.07.29:796][  0]LogUdpMessaging: Initializing bridge on interface 0.0.0.0:0 to multicast group 230.0.0.1:6666.
[2020.05.10-06.07.30:163][  0]LogSkeletalMesh: Skeletal Mesh found in DDC [0.155800ms] /Game/InfinityBladeAdversaries/Enemy/Enemy_Great_Spider/SK_Greater_Spider.SK_Greater_Spider
[2020.05.10-06.07.30:191][  0]LogUObjectGlobals: Created PersistentFrame Addr=0x000001ef2c2c94a8, Size=8, Default__GreaterSpiderAnimBlueprint_C Function /Game/dev/Enemy/Animation/GreaterSpiderAnimBlueprint.GreaterSpiderAnimBlueprint_C:ExecuteUbergraph_GreaterSpiderAnimBlueprint
[2020.05.10-06.07.30:193][  0]LogUObjectGlobals: Destroyed PersistentFrame Addr=0x000001ef2c2c94a8, Size=8
[2020.05.10-06.07.30:193][  0]LogUObjectGlobals: Created PersistentFrame Addr=0x000001ef2c2c94a8, Size=8, Default__GreaterSpiderAnimBlueprint_C Function /Engine/Transient.REINST_GreaterSpiderAnimBlueprint_C_0:ExecuteUbergraph_GreaterSpiderAnimBlueprint
[2020.05.10-06.07.30:195][  0]LogUObjectGlobals: Created PersistentFrame Addr=0x000001ef2c2c9370, Size=8, Default__GreaterSpiderAnimBlueprint_C Function /Game/dev/Enemy/Animation/GreaterSpiderAnimBlueprint.GreaterSpiderAnimBlueprint_C:ExecuteUbergraph_GreaterSpiderAnimBlueprint
[2020.05.10-06.07.30:343][  0]LogSkeletalMesh: Skeletal Mesh found in DDC [0.208900ms] /Game/InfinityBladeWarriors/Character/CompleteCharacters/SK_CharM_Bladed.SK_CharM_Bladed
[2020.05.10-06.07.30:363][  0]LogUObjectGlobals: Created PersistentFrame Addr=0x000001ef2cd58b68, Size=20, Default__WarriorAnimBlueprint_C Function /Game/Book/Animations/WarriorAnimBlueprint.WarriorAnimBlueprint_C:ExecuteUbergraph_WarriorAnimBlueprint
[2020.05.10-06.07.30:370][  0]LogUObjectGlobals: Destroyed PersistentFrame Addr=0x000001ef2cd58b68, Size=20
[2020.05.10-06.07.30:370][  0]LogUObjectGlobals: Created PersistentFrame Addr=0x000001ef2ce01690, Size=20, Default__WarriorAnimBlueprint_C Function /Engine/Transient.REINST_WarriorAnimBlueprint_C_1:ExecuteUbergraph_WarriorAnimBlueprint
[2020.05.10-06.07.30:377][  0]LogUObjectGlobals: Created PersistentFrame Addr=0x000001ef2fa22770, Size=20, Default__WarriorAnimBlueprint_C Function /Game/Book/Animations/WarriorAnimBlueprint.WarriorAnimBlueprint_C:ExecuteUbergraph_WarriorAnimBlueprint
[2020.05.10-06.07.30:555][  0]LogSkeletalMesh: Skeletal Mesh found in DDC [0.052100ms] /Game/InfinityBladeWeapons/Weapons/Blade/Swords/Blade_BlackKnight/SK_Blade_BlackKnight.SK_Blade_BlackKnight
[2020.05.10-06.07.30:576][  0]LogSkeletalMesh: Skeletal Mesh found in DDC [0.141400ms] /Game/InfinityBladeWarriors/Character/CompleteCharacters/SK_CharM_Cardboard.SK_CharM_Cardboard
[2020.05.10-06.07.30:656][  0]LogSkeletalMesh: Skeletal Mesh found in DDC [0.061100ms] /Game/InfinityBladeAdversaries/Enemy/Enemy_Chicken/S_Survival_CA_Chicken.S_Survival_CA_Chicken
[2020.05.10-06.07.30:675][  0]LogSkeletalMesh: Skeletal Mesh found in DDC [0.117700ms] /Game/InfinityBladeAdversaries/Enemy/Enemy_Wolf/SK_Enemy_Wolf_Armored.SK_Enemy_Wolf_Armored
[2020.05.10-06.07.30:892][  0]SourceControl: 소스 콘트롤이 꺼졌습니다.
[2020.05.10-06.07.30:892][  0]SourceControl: 소스 콘트롤이 꺼졌습니다.
[2020.05.10-06.07.30:923][  0]SourceControl: 소스 콘트롤이 꺼졌습니다.
[2020.05.10-06.07.30:953][  0]SourceControl: 소스 콘트롤이 꺼졌습니다.
[2020.05.10-06.07.31:705][  0]LogAndroidPermission: UAndroidPermissionCallbackProxy::GetInstance
[2020.05.10-06.07.32:051][  0]LogOcInput: OculusInput pre-init called
[2020.05.10-06.07.32:196][  0]LogEngine: Initializing Engine...
[2020.05.10-06.07.32:198][  0]LogHMD: Failed to initialize OpenVR with code 110
[2020.05.10-06.07.32:200][  0]LogStats: UGameplayTagsManager::ConstructGameplayTagTree: Construct from data asset -  0.000 s
[2020.05.10-06.07.32:200][  0]LogStats: UGameplayTagsManager::ConstructGameplayTagTree: GameplayTagTreeChangedEvent.Broadcast -  0.000 s
[2020.05.10-06.07.32:369][  0]LogAIModule: Creating AISystem for world Untitled
[2020.05.10-06.07.32:444][  0]LogInit: XAudio2 using '스피커(High Definition Audio Device)' : 2 channels at 48 kHz using 16 bits per sample (channel mask 0x3)
[2020.05.10-06.07.32:495][  0]LogInit: FAudioDevice initialized.
[2020.05.10-06.07.32:558][  0]LogDerivedDataCache: Saved boot cache 0.06s 104MB C:/Users/pth08/AppData/Local/UnrealEngine/4.19/DerivedDataCache/Boot.ddc.
[2020.05.10-06.07.32:579][  0]LogInit: Texture streaming: Enabled
[2020.05.10-06.07.32:606][  0]LogEngineSessionManager: EngineSessionManager initialized
[2020.05.10-06.07.32:624][  0]LogInit: Transaction tracking system initialized
[2020.05.10-06.07.32:656][  0]BlueprintLog: New page: 에디터 로드
[2020.05.10-06.07.32:769][  0]LocalizationService: 현지화 서비스가 비활성화되었습니다.
[2020.05.10-06.07.32:926][  0]LogConsoleResponse: Display: 
[2020.05.10-06.07.33:082][  0]LogCook: Display: Max memory allowance for cook 16384mb min free memory 0mb
[2020.05.10-06.07.33:082][  0]LogCook: Display: Mobile HDR setting 1
[2020.05.10-06.07.33:082][  0]LogGameplayTags: Display: UGameplayTagsManager::DoneAddingNativeTags. DelegateIsBound: 0
[2020.05.10-06.07.33:082][  0]LogStats: UGameplayTagsManager::ConstructGameplayTagTree: Construct from data asset -  0.000 s
[2020.05.10-06.07.33:082][  0]LogStats: UGameplayTagsManager::ConstructGameplayTagTree: GameplayTagTreeChangedEvent.Broadcast -  0.000 s
[2020.05.10-06.07.33:668][  0]LogFileCache: Scanning file cache for directory 'C:/dev/NewInfinityBlade/Content/' took 0.10s
[2020.05.10-06.07.33:668][  0]SourceControl: 소스 콘트롤이 꺼졌습니다.
[2020.05.10-06.07.33:668][  0]Cmd: MAP LOAD FILE="../../../../../../dev/NewInfinityBlade/Content/dev/Maps/StartRoom.umap" TEMPLATE=0 SHOWPROGRESS=1 FEATURELEVEL=3
[2020.05.10-06.07.33:669][  0]LightingResults: New page: 라이팅 빌드
[2020.05.10-06.07.33:673][  0]MapCheck: New page: 맵 체크
[2020.05.10-06.07.33:673][  0]LightingResults: New page: 라이팅 빌드
[2020.05.10-06.07.33:678][  0]LogUObjectGlobals: Destroyed PersistentFrame Addr=0x000001ef2c2c94a8, Size=8
[2020.05.10-06.07.33:678][  0]LogUObjectGlobals: Destroyed PersistentFrame Addr=0x000001ef2ce01690, Size=20
[2020.05.10-06.07.33:825][  0]LogUObjectGlobals: Created PersistentFrame Addr=0x000001ef0a77a400, Size=992, Default__StartRoom_C Function /Game/dev/Maps/StartRoom.StartRoom_C:ExecuteUbergraph_StartRoom
[2020.05.10-06.07.33:832][  0]LogUObjectGlobals: Destroyed PersistentFrame Addr=0x000001ef0a77a400, Size=992
[2020.05.10-06.07.33:832][  0]LogUObjectGlobals: Created PersistentFrame Addr=0x000001ef0a74dc00, Size=992, Default__StartRoom_C Function /Engine/Transient.REINST_StartRoom_C_11:ExecuteUbergraph_StartRoom
[2020.05.10-06.07.33:837][  0]LogUObjectGlobals: Created PersistentFrame Addr=0x000001ef0a74d000, Size=992, Default__StartRoom_C Function /Game/dev/Maps/StartRoom.StartRoom_C:ExecuteUbergraph_StartRoom
[2020.05.10-06.07.34:125][  0]LogAIModule: Creating AISystem for world StartRoom
[2020.05.10-06.07.34:128][  0]LogMaterial: Warning: Material /Game/InfinityBladeGrassLands/Environments/Plains/Env_Plains_Flora/Materials/M_PLains_Fern01.M_PLains_Fern01 needed to have new flag set bUsedWithInstancedStaticMeshes !
[2020.05.10-06.07.34:129][  0]LogMaterial: Missing cached shader map for material M_PLains_Fern01, compiling. 
[2020.05.10-06.07.34:201][  0]MapCheck: Warning: M_PLains_Fern01 /Game/InfinityBladeGrassLands/Environments/Plains/Env_Plains_Flora/Materials/M_PLains_Fern01.M_PLains_Fern01 머티리얼이 bUsedWithInstancedStaticMeshes 사용 플래그에 빠져있었습니다. 머티리얼 애셋이 재저장되지 않은 경우, 에디터 밖에서 실행시 제대로 렌더링되지 않을 수 있습니다. 픽스
[2020.05.10-06.07.35:430][  0]LogShaderCompilers: Display: Shaders left to compile 117
[2020.05.10-06.07.35:430][  0]LogShaderCompilers: Display: Shaders left to compile 107
[2020.05.10-06.07.35:430][  0]LogShaderCompilers: Display: Shaders left to compile 97
[2020.05.10-06.07.35:430][  0]LogShaderCompilers: Display: Shaders left to compile 87
[2020.05.10-06.07.35:430][  0]LogShaderCompilers: Display: Shaders left to compile 77
[2020.05.10-06.07.35:430][  0]LogShaderCompilers: Display: Shaders left to compile 67
[2020.05.10-06.07.35:430][  0]LogShaderCompilers: Display: Shaders left to compile 57
[2020.05.10-06.07.35:430][  0]LogShaderCompilers: Display: Shaders left to compile 47
[2020.05.10-06.07.35:430][  0]LogShaderCompilers: Display: Shaders left to compile 37
[2020.05.10-06.07.35:430][  0]LogStreaming: Display: ULevelStreaming::RequestLevel(/Game/InfinityBladeGrassLands/Maps/ElvenRuins) is flushing async loading
[2020.05.10-06.07.37:038][  0]LogShaderCompilers: Display: Shaders left to compile 27
[2020.05.10-06.07.37:038][  0]LogShaderCompilers: Display: Shaders left to compile 17
[2020.05.10-06.07.39:512][  0]LogShaderCompilers: Display: Shaders left to compile 7
[2020.05.10-06.07.39:512][  0]LogSkeletalMesh: Skeletal Mesh found in DDC [3.985100ms] /Game/InfinityBladeGrassLands/Environments/Earth/EX_EnvAssets/Meshes/SK_Env_Ice_Deco2_BlowingFlag.SK_Env_Ice_Deco2_BlowingFlag
[2020.05.10-06.07.39:516][  0]LogSkeletalMesh: Skeletal Mesh found in DDC [4.090500ms] /Game/InfinityBladeGrassLands/Environments/Earth/EX_EnvAssets/Meshes/SK_Env_Ice_Deco2_BlowingFlag3.SK_Env_Ice_Deco2_BlowingFlag3
[2020.05.10-06.07.39:669][  0]LogStreaming: Display: ULevelStreaming::RequestLevel(/Game/InfinityBladeIceLands/Maps/FrozenCove) is flushing async loading
[2020.05.10-06.07.40:629][  0]LogPackageName: Warning: String asset reference "Env_Ice_Rocky.Mesh.Env_Ice_MelancholicTroll01" is in short form, which is unsupported and -- even if valid -- resolving it will be really slow.
[2020.05.10-06.07.40:629][  0]LogPackageName: Warning: Please consider resaving package in order to speed-up loading.
[2020.05.10-06.07.40:965][  0]LogPackageName: SearchForPackageOnDisk took   0.336s, but failed to resolve Env_Ice_Rocky.
[2020.05.10-06.07.40:965][  0]LogPackageName: Warning: String asset reference "Env_Ice_Rocky.Mesh.Env_Ice_MelancholicTroll01" could not be resolved.
[2020.05.10-06.07.40:967][  0]LogPackageName: Warning: String asset reference "Env_Ice_Rocky.Mesh.Env_Ice_NordHeed01" is in short form, which is unsupported and -- even if valid -- resolving it will be really slow.
[2020.05.10-06.07.40:967][  0]LogPackageName: Warning: Please consider resaving package in order to speed-up loading.
[2020.05.10-06.07.41:211][  0]LogPackageName: SearchForPackageOnDisk took   0.245s, but failed to resolve Env_Ice_Rocky.
[2020.05.10-06.07.41:211][  0]LogPackageName: Warning: String asset reference "Env_Ice_Rocky.Mesh.Env_Ice_NordHeed01" could not be resolved.
[2020.05.10-06.07.41:215][  0]LogPackageName: Warning: String asset reference "Env_Ice_Rocky.Mesh.Env_Ice_NordHeed01" is in short form, which is unsupported and -- even if valid -- resolving it will be really slow.
[2020.05.10-06.07.41:215][  0]LogPackageName: Warning: Please consider resaving package in order to speed-up loading.
[2020.05.10-06.07.41:461][  0]LogPackageName: SearchForPackageOnDisk took   0.245s, but failed to resolve Env_Ice_Rocky.
[2020.05.10-06.07.41:461][  0]LogPackageName: Warning: String asset reference "Env_Ice_Rocky.Mesh.Env_Ice_NordHeed01" could not be resolved.
[2020.05.10-06.07.41:463][  0]LogPackageName: Warning: String asset reference "Env_Ice_Rocky.Texture.Env_Ice_RockyStairs01" is in short form, which is unsupported and -- even if valid -- resolving it will be really slow.
[2020.05.10-06.07.41:463][  0]LogPackageName: Warning: Please consider resaving package in order to speed-up loading.
[2020.05.10-06.07.41:707][  0]LogPackageName: SearchForPackageOnDisk took   0.244s, but failed to resolve Env_Ice_Rocky.
[2020.05.10-06.07.41:707][  0]LogPackageName: Warning: String asset reference "Env_Ice_Rocky.Texture.Env_Ice_RockyStairs01" could not be resolved.
[2020.05.10-06.07.41:709][  0]LogPackageName: Warning: String asset reference "Env_Ice_Rocky.Mesh.Env_Ice_RuinedSteps001" is in short form, which is unsupported and -- even if valid -- resolving it will be really slow.
[2020.05.10-06.07.41:709][  0]LogPackageName: Warning: Please consider resaving package in order to speed-up loading.
[2020.05.10-06.07.41:951][  0]LogPackageName: SearchForPackageOnDisk took   0.242s, but failed to resolve Env_Ice_Rocky.
[2020.05.10-06.07.41:951][  0]LogPackageName: Warning: String asset reference "Env_Ice_Rocky.Mesh.Env_Ice_RuinedSteps001" could not be resolved.
[2020.05.10-06.07.41:953][  0]LogPackageName: Warning: String asset reference "Env_Ice_RuinedWalls001" is in short form, which is unsupported and -- even if valid -- resolving it will be really slow.
[2020.05.10-06.07.41:953][  0]LogPackageName: Warning: Please consider resaving package in order to speed-up loading.
[2020.05.10-06.07.42:196][  0]LogPackageName: SearchForPackageOnDisk took   0.242s, but failed to resolve Env_Ice_RuinedWalls001.
[2020.05.10-06.07.42:196][  0]LogPackageName: Warning: String asset reference "Env_Ice_RuinedWalls001" could not be resolved.
[2020.05.10-06.07.42:264][  0]LogPackageName: Warning: String asset reference "Env_ALL_Artifacts.Mesh.Env_ALL_Terminus001" is in short form, which is unsupported and -- even if valid -- resolving it will be really slow.
[2020.05.10-06.07.42:264][  0]LogPackageName: Warning: Please consider resaving package in order to speed-up loading.
[2020.05.10-06.07.42:514][  0]LogPackageName: SearchForPackageOnDisk took   0.249s, but failed to resolve Env_ALL_Artifacts.
[2020.05.10-06.07.42:514][  0]LogPackageName: Warning: String asset reference "Env_ALL_Artifacts.Mesh.Env_ALL_Terminus001" could not be resolved.
[2020.05.10-06.07.42:515][  0]LogPackageName: Warning: String asset reference "S_ClothTarps_03.SM.Mesh.S_ClothTarps_03" is in short form, which is unsupported and -- even if valid -- resolving it will be really slow.
[2020.05.10-06.07.42:515][  0]LogPackageName: Warning: Please consider resaving package in order to speed-up loading.
[2020.05.10-06.07.42:759][  0]LogPackageName: SearchForPackageOnDisk took   0.244s, but failed to resolve S_ClothTarps_03.
[2020.05.10-06.07.42:759][  0]LogPackageName: Warning: String asset reference "S_ClothTarps_03.SM.Mesh.S_ClothTarps_03" could not be resolved.
[2020.05.10-06.07.45:030][  0]LogSkeletalMesh: Skeletal Mesh found in DDC [1.057700ms] /Game/InfinityBladeIceLands/Environments/Ice/EX_EnvAssets/Meshes/SK_Env_Ice_Deco2_BlowingFlag3.SK_Env_Ice_Deco2_BlowingFlag3
[2020.05.10-06.07.45:263][  0]LogEditorServer: Finished looking for orphan Actors (0.000 secs)
[2020.05.10-06.07.45:282][  0]LogUObjectGlobals: Destroyed PersistentFrame Addr=0x000001ef0a74dc00, Size=992
[2020.05.10-06.07.45:282][  0]Cmd: MAP CHECKDEP NOCLEARLOG
[2020.05.10-06.07.45:708][  0]MapCheck: 맵 체크 완료: 오류 0 회, 경고 1 회, 소요 시간 425.288ms.
[2020.05.10-06.07.45:729][  0]LogFileHelpers: Loading map 'StartRoom' took 12.061
[2020.05.10-06.07.45:933][  0]LogCollectionManager: Loaded 0 collections in 0.002461 seconds
[2020.05.10-06.07.45:979][  0]LogFileCache: Scanning file cache for directory 'C:/dev/NewInfinityBlade/Saved/Collections/' took 0.01s
[2020.05.10-06.07.45:979][  0]LogFileCache: Scanning file cache for directory 'C:/dev/NewInfinityBlade/Content/Developers/pth08/Collections/' took 0.01s
[2020.05.10-06.07.45:979][  0]LogFileCache: Scanning file cache for directory 'C:/dev/NewInfinityBlade/Content/Collections/' took 0.01s
[2020.05.10-06.07.45:979][  0]LogCollectionManager: Rebuilt the GUID cache for 0 collections in 0.000000 seconds
[2020.05.10-06.07.45:997][  0]LogContentBrowser: Native class hierarchy populated in 0.0174 seconds. Added 2497 classes and 564 folders.
[2020.05.10-06.07.46:015][  0]LogContentBrowser: Native class hierarchy updated for 'WidgetCarousel' in 0.0092 seconds. Added 0 classes and 0 folders.
[2020.05.10-06.07.46:244][  0]LogContentBrowser: Native class hierarchy updated for 'AddContentDialog' in 0.0090 seconds. Added 0 classes and 0 folders.
[2020.05.10-06.07.46:261][  0]LogContentBrowser: Native class hierarchy updated for 'SceneOutliner' in 0.0094 seconds. Added 1 classes and 2 folders.
[2020.05.10-06.07.46:336][  0]LogSlate: Took 0.000374 seconds to synchronously load lazily loaded font '../../../Engine/Content/Slate/Fonts/Roboto-Regular.ttf' (155K)
[2020.05.10-06.07.46:339][  0]LogSlate: Took 0.002031 seconds to synchronously load lazily loaded font '../../../Engine/Content/Editor/Slate/Fonts/NanumGothic.ttf' (4243K)
[2020.05.10-06.07.46:343][  0]LogSlate: Took 0.002569 seconds to synchronously load lazily loaded font '../../../Engine/Content/Editor/Slate/Fonts/NanumGothicBold.ttf' (4188K)
[2020.05.10-06.07.46:343][  0]LogSlate: Took 0.000301 seconds to synchronously load lazily loaded font '../../../Engine/Content/Slate/Fonts/Roboto-Bold.ttf' (160K)
[2020.05.10-06.07.46:353][  0]LogSlate: Took 0.006112 seconds to synchronously load lazily loaded font '../../../Engine/Content/Editor/Slate/Fonts/FontAwesome.ttf' (139K)
[2020.05.10-06.07.46:498][  0]LogRenderer: Reallocating scene render targets to support 1164x548 Format 10 NumSamples 1 (Frame:1).
[2020.05.10-06.07.46:672][  0]LogContentBrowser: Native class hierarchy updated for 'HierarchicalLODOutliner' in 0.0093 seconds. Added 0 classes and 0 folders.
[2020.05.10-06.07.46:672][  0]LogLoad: (Engine Initialization) Total time: 27.11 seconds
[2020.05.10-06.07.46:672][  0]LogLoad: (Engine Initialization) Total Blueprint compile time: 0.00 seconds
[2020.05.10-06.07.46:700][  0]LogContentStreaming: Texture pool size now 1000 MB
[2020.05.10-06.07.47:187][  4]LogAssetRegistry: Asset discovery search completed in 20.2029 seconds
[2020.05.10-06.07.47:196][  4]LogCollectionManager: Rebuilt the object cache for 0 collections in 0.000000 seconds (found 0 objects)
[2020.05.10-06.07.47:196][  4]LogCollectionManager: Fixed up redirectors for 0 collections in 0.000054 seconds (updated 0 objects)
[2020.05.10-06.10.25:586][999]LogSlate: FSceneViewport::OnFocusLost() reason 0
[2020.05.10-06.10.25:727][ 16]LogTemp: Repeating last play command: 선택된 뷰포트
[2020.05.10-06.10.25:759][ 16]LogBlueprintUserMessages: Early PlayInEditor Detection: Level '/Game/dev/Maps/StartRoom.StartRoom:PersistentLevel' has LevelScriptBlueprint '/Game/dev/Maps/StartRoom.StartRoom:PersistentLevel.StartRoom' with GeneratedClass '/Game/dev/Maps/StartRoom.StartRoom_C' with ClassGeneratedBy '/Game/dev/Maps/StartRoom.StartRoom:PersistentLevel.StartRoom'
[2020.05.10-06.10.25:759][ 16]LogBlueprintUserMessages: Early PlayInEditor Detection: Level '/Game/InfinityBladeGrassLands/Maps/ElvenRuins.ElvenRuins:PersistentLevel' has LevelScriptBlueprint '/Game/InfinityBladeGrassLands/Maps/ElvenRuins.ElvenRuins:PersistentLevel.ElvenRuins' with GeneratedClass '/Game/InfinityBladeGrassLands/Maps/ElvenRuins.ElvenRuins_C' with ClassGeneratedBy '/Game/InfinityBladeGrassLands/Maps/ElvenRuins.ElvenRuins:PersistentLevel.ElvenRuins'
[2020.05.10-06.10.25:759][ 16]LogBlueprintUserMessages: Early PlayInEditor Detection: Level '/Game/InfinityBladeIceLands/Maps/FrozenCove.FrozenCove:PersistentLevel' has LevelScriptBlueprint '/Game/InfinityBladeIceLands/Maps/FrozenCove.FrozenCove:PersistentLevel.FrozenCove' with GeneratedClass '/Game/InfinityBladeIceLands/Maps/FrozenCove.FrozenCove_C' with ClassGeneratedBy '/Game/InfinityBladeIceLands/Maps/FrozenCove.FrozenCove:PersistentLevel.FrozenCove'
[2020.05.10-06.10.25:760][ 16]LogPlayLevel: PlayLevel: No blueprints needed recompiling
[2020.05.10-06.10.25:760][ 16]PIE: New page: PIE 세션: StartRoom (2020. 5. 11. 오전 12:10:25)
[2020.05.10-06.10.25:760][ 16]LogPlayLevel: Creating play world package: /Game/dev/Maps/UEDPIE_0_StartRoom
[2020.05.10-06.10.25:785][ 16]LogPlayLevel: PIE: StaticDuplicateObject took: (0.024062s)
[2020.05.10-06.10.25:785][ 16]LogAIModule: Creating AISystem for world StartRoom
[2020.05.10-06.10.25:786][ 16]LogPlayLevel: PIE: World Init took: (0.000823s)
[2020.05.10-06.10.25:786][ 16]LogPlayLevel: PIE: Created PIE world by copying editor world from /Game/dev/Maps/StartRoom.StartRoom to /Game/dev/Maps/UEDPIE_0_StartRoom.StartRoom (0.025083s)
[2020.05.10-06.10.25:869][ 16]LogInit: XAudio2 using '스피커(High Definition Audio Device)' : 2 channels at 48 kHz using 16 bits per sample (channel mask 0x3)
[2020.05.10-06.10.25:891][ 16]LogInit: FAudioDevice initialized.
[2020.05.10-06.10.25:933][ 16]LogLoad: Game class is 'IBGameMode'
[2020.05.10-06.10.25:937][ 16]LogWorld: Bringing World /Game/dev/Maps/UEDPIE_0_StartRoom.StartRoom up for play (max tick rate 0) at 2020.05.10-15.10.25
[2020.05.10-06.10.25:938][ 16]LogWorld: Bringing up level for play took: 0.004224
[2020.05.10-06.10.25:946][ 16]InfinityBlade: Warning: AIBPlayerController::SetupInputComponent(30)SetupInputComponent
[2020.05.10-06.10.25:960][ 16]LogContentBrowser: Native class hierarchy updated for 'MovieSceneCapture' in 0.0093 seconds. Added 11 classes and 0 folders.
[2020.05.10-06.10.25:968][ 16]InfinityBlade: Warning: UIBHUDWidget::UpdateCharacterStat(54)SEBar 0.666667
[2020.05.10-06.10.25:968][ 16]InfinityBlade: Warning: UIBHUDWidget::UpdateCharacterStat(54)SEBar 1.000000
[2020.05.10-06.10.25:968][ 16]PIE: /Game/dev/Maps/UEDPIE_0_StartRoom 에 대한 에디터에서 플레이 시작 시간: 0.653
[2020.05.10-06.10.25:968][ 16]LogBlueprintUserMessages: Late PlayInEditor Detection: Level '/Game/dev/Maps/StartRoom.StartRoom:PersistentLevel' has LevelScriptBlueprint '/Game/dev/Maps/StartRoom.StartRoom:PersistentLevel.StartRoom' with GeneratedClass '/Game/dev/Maps/StartRoom.StartRoom_C' with ClassGeneratedBy '/Game/dev/Maps/StartRoom.StartRoom:PersistentLevel.StartRoom'
[2020.05.10-06.10.25:968][ 16]LogBlueprintUserMessages: Late PlayInEditor Detection: Level '/Game/InfinityBladeGrassLands/Maps/ElvenRuins.ElvenRuins:PersistentLevel' has LevelScriptBlueprint '/Game/InfinityBladeGrassLands/Maps/ElvenRuins.ElvenRuins:PersistentLevel.ElvenRuins' with GeneratedClass '/Game/InfinityBladeGrassLands/Maps/ElvenRuins.ElvenRuins_C' with ClassGeneratedBy '/Game/InfinityBladeGrassLands/Maps/ElvenRuins.ElvenRuins:PersistentLevel.ElvenRuins'
[2020.05.10-06.10.25:968][ 16]LogBlueprintUserMessages: Late PlayInEditor Detection: Level '/Game/InfinityBladeIceLands/Maps/FrozenCove.FrozenCove:PersistentLevel' has LevelScriptBlueprint '/Game/InfinityBladeIceLands/Maps/FrozenCove.FrozenCove:PersistentLevel.FrozenCove' with GeneratedClass '/Game/InfinityBladeIceLands/Maps/FrozenCove.FrozenCove_C' with ClassGeneratedBy '/Game/InfinityBladeIceLands/Maps/FrozenCove.FrozenCove:PersistentLevel.FrozenCove'
[2020.05.10-06.10.26:042][ 18]LogSkeletalMesh: Skeletal Mesh found in DDC [5.741000ms] /Game/InfinityBladeWarriors/Character/CompleteCharacters/SK_CharM_solid.SK_CharM_solid
[2020.05.10-06.10.28:073][260]InfinityBlade: Warning: AIBCharacter::DodgeMotion(695)0
[2020.05.10-06.10.29:864][475]LogLevel: ActivateLevel /Game/InfinityBladeGrassLands/Maps/UEDPIE_0_ElvenRuins 1 1 1
[2020.05.10-06.10.29:947][476]LogLevel: Warning: DisableInput on a LevelScript actor can not be specified for only one PlayerController.  Disabling for all PlayerControllers.
[2020.05.10-06.10.29:947][476]LogLevel: Warning: DisableInput on a LevelScript actor can not be specified for only one PlayerController.  Disabling for all PlayerControllers.
[2020.05.10-06.10.47:930][620]InfinityBlade: Warning: UIBAnimInstance::AnimNotify_FirstSkillStepStart(288)AnimNotify_FirstSkillStepStart
[2020.05.10-06.10.51:961][103]InfinityBlade: Warning: UIBAnimInstance::AnimNotify_FirstSkillStepStart(288)AnimNotify_FirstSkillStepStart
[2020.05.10-06.10.53:506][288]InfinityBlade: Warning: UIBHUDWidget::UpdateCharacterStat(54)SEBar 1.000000
[2020.05.10-06.10.55:140][484]InfinityBlade: Warning: UIBHUDWidget::UpdateCharacterStat(54)SEBar 1.000000
[2020.05.10-06.10.59:932][ 59]InfinityBlade: Warning: UIBAnimInstance::AnimNotify_FirstSkillStepStart(288)AnimNotify_FirstSkillStepStart
[2020.05.10-06.11.00:275][100]LogSpawn: Warning: SpawnActor failed because of collision at the spawn location [X=-5146.582 Y=1212.745 Z=7698.256] for [PlayerSkillActor]
[2020.05.10-06.11.04:149][103]LogWindows: Error: === Critical error: ===
[2020.05.10-06.11.04:149][103]LogWindows: Error: 
[2020.05.10-06.11.04:149][103]LogWindows: Error: Fatal error!
[2020.05.10-06.11.04:149][103]LogWindows: Error: 
[2020.05.10-06.11.04:149][103]LogWindows: Error: Unhandled Exception: EXCEPTION_ACCESS_VIOLATION reading address 0x00000000
[2020.05.10-06.11.04:149][103]LogWindows: Error: 
[2020.05.10-06.11.04:149][103]LogWindows: Error: [Callstack] 0x00000000D85BFBF4 UE4Editor-InfinityBlade-25.dll!AIBCharacter::SkillHub() [c:\dev\newinfinityblade\source\infinityblade\private\ibcharacter.cpp:1248]
[2020.05.10-06.11.04:149][103]LogWindows: Error: [Callstack] 0x00000000D85C17B3 UE4Editor-InfinityBlade-25.dll!AIBCharacter::Tick() [c:\dev\newinfinityblade\source\infinityblade\private\ibcharacter.cpp:380]
[2020.05.10-06.11.04:149][103]LogWindows: Error: [Callstack] 0x00000000E858E9C7 UE4Editor-Engine.dll!AActor::TickActor() [d:\build\++ue4+release-4.19+compile\sync\engine\source\runtime\engine\private\actor.cpp:870]
[2020.05.10-06.11.04:149][103]LogWindows: Error: [Callstack] 0x00000000E85400E4 UE4Editor-Engine.dll!FActorTickFunction::ExecuteTick() [d:\build\++ue4+release-4.19+compile\sync\engine\source\runtime\engine\private\actor.cpp:134]
[2020.05.10-06.11.04:149][103]LogWindows: Error: [Callstack] 0x00000000E96470BB UE4Editor-Engine.dll!FTickFunctionTask::DoTask() [d:\build\++ue4+release-4.19+compile\sync\engine\source\runtime\engine\private\ticktaskmanager.cpp:273]
[2020.05.10-06.11.04:149][103]LogWindows: Error: [Callstack] 0x00000000E964C793 UE4Editor-Engine.dll!TGraphTask<FTickFunctionTask>::ExecuteTask() [d:\build\++ue4+release-4.19+compile\sync\engine\source\runtime\core\public\async\taskgraphinterfaces.h:829]
[2020.05.10-06.11.04:149][103]LogWindows: Error: [Callstack] 0x00000000FBC9B713 UE4Editor-Core.dll!FNamedTaskThread::ProcessTasksNamedThread() [d:\build\++ue4+release-4.19+compile\sync\engine\source\runtime\core\private\async\taskgraph.cpp:665]
[2020.05.10-06.11.04:149][103]LogWindows: Error: [Callstack] 0x00000000FBC9BD3A UE4Editor-Core.dll!FNamedTaskThread::ProcessTasksUntilQuit() [d:\build\++ue4+release-4.19+compile\sync\engine\source\runtime\core\private\async\taskgraph.cpp:574]
[2020.05.10-06.11.04:149][103]LogWindows: Error: [Callstack] 0x00000000FBCBECFE UE4Editor-Core.dll!FTaskGraphImplementation::WaitUntilTasksComplete() [d:\build\++ue4+release-4.19+compile\sync\engine\source\runtime\core\private\async\taskgraph.cpp:1355]
[2020.05.10-06.11.04:149][103]LogWindows: Error: [Callstack] 0x00000000E966D771 UE4Editor-Engine.dll!FTickTaskSequencer::ReleaseTickGroup() [d:\build\++ue4+release-4.19+compile\sync\engine\source\runtime\engine\private\ticktaskmanager.cpp:542]
[2020.05.10-06.11.04:149][103]LogWindows: Error: [Callstack] 0x00000000E9673292 UE4Editor-Engine.dll!FTickTaskManager::RunTickGroup() [d:\build\++ue4+release-4.19+compile\sync\engine\source\runtime\engine\private\ticktaskmanager.cpp:1449]
[2020.05.10-06.11.04:149][103]LogWindows: Error: [Callstack] 0x00000000E8ECC304 UE4Editor-Engine.dll!UWorld::RunTickGroup() [d:\build\++ue4+release-4.19+compile\sync\engine\source\runtime\engine\private\leveltick.cpp:770]
[2020.05.10-06.11.04:149][103]LogWindows: Error: [Callstack] 0x00000000E8ED756B UE4Editor-Engine.dll!UWorld::Tick() [d:\build\++ue4+release-4.19+compile\sync\engine\source\runtime\engine\private\leveltick.cpp:1429]
[2020.05.10-06.11.04:149][103]LogWindows: Error: [Callstack] 0x00000000E707D781 UE4Editor-UnrealEd.dll!UEditorEngine::Tick() [d:\build\++ue4+release-4.19+compile\sync\engine\source\editor\unrealed\private\editorengine.cpp:1693]
[2020.05.10-06.11.04:149][103]LogWindows: Error: [Callstack] 0x00000000E7919626 UE4Editor-UnrealEd.dll!UUnrealEdEngine::Tick() [d:\build\++ue4+release-4.19+compile\sync\engine\source\editor\unrealed\private\unrealedengine.cpp:401]
[2020.05.10-06.11.04:149][103]LogWindows: Error: [Callstack] 0x00000000C9ED5EAC UE4Editor.exe!FEngineLoop::Tick() [d:\build\++ue4+release-4.19+compile\sync\engine\source\runtime\launch\private\launchengineloop.cpp:3339]
[2020.05.10-06.11.04:149][103]LogWindows: Error: [Callstack] 0x00000000C9EE6BD0 UE4Editor.exe!GuardedMain() [d:\build\++ue4+release-4.19+compile\sync\engine\source\runtime\launch\private\launch.cpp:166]
[2020.05.10-06.11.04:149][103]LogWindows: Error: [Callstack] 0x00000000C9EE6C4A UE4Editor.exe!GuardedMainWrapper() [d:\build\++ue4+release-4.19+compile\sync\engine\source\runtime\launch\private\windows\launchwindows.cpp:144]
[2020.05.10-06.11.04:149][103]LogWindows: Error: [Callstack] 0x00000000C9EF4177 UE4Editor.exe!WinMain() [d:\build\++ue4+release-4.19+compile\sync\engine\source\runtime\launch\private\windows\launchwindows.cpp:223]
[2020.05.10-06.11.04:149][103]LogWindows: Error: [Callstack] 0x00000000C9EF5B87 UE4Editor.exe!__scrt_common_main_seh() [f:\dd\vctools\crt\vcstartup\src\startup\exe_common.inl:253]
[2020.05.10-06.11.04:149][103]LogWindows: Error: [Callstack] 0x0000000048F77BD4 KERNEL32.DLL!UnknownFunction []
[2020.05.10-06.11.04:149][103]LogWindows: Error: [Callstack] 0x000000004AC2CE51 ntdll.dll!UnknownFunction []
[2020.05.10-06.11.04:149][103]LogWindows: Error: [Callstack] 0x000000004AC2CE51 ntdll.dll!UnknownFunction []
[2020.05.10-06.11.04:149][103]LogWindows: Error: 
[2020.05.10-06.11.04:170][103]LogExit: Executing StaticShutdownAfterError
[2020.05.10-06.11.04:176][103]LogWindows: FPlatformMisc::RequestExit(1)
[2020.05.10-06.11.04:176][103]Log file closed, 05/10/20 15:11:04
